<?xml version="1.0" encoding="UTF-8"?>
<testsuite xmlns:xsi="http://www.w3.org/2001/XMLSchema-instance" xsi:noNamespaceSchemaLocation="https://maven.apache.org/surefire/maven-surefire-plugin/xsd/surefire-test-report-3.0.xsd" version="3.0" name="api.ProjectsApiTest" time="391.588" tests="3" errors="0" skipped="0" failures="0">
  <properties>
[...]
</properties>
  <testcase name="testDeleteProjectsId" classname="api.ProjectsApiTest" time="171.772">
    <system-out><![CDATA[=======================Server is up and running.

----------------------Deleting projects performance tests

############# Testing with 1 projects to delete
Baseline - CPU: 0.03%, Free Memory: 2031.62 MB

############# Testing with 5 projects to delete
Baseline - CPU: 0.02%, Free Memory: 2031.57 MB

############# Testing with 10 projects to delete
Baseline - CPU: 0.03%, Free Memory: 2031.68 MB

############# Testing with 50 projects to delete
Baseline - CPU: 0.03%, Free Memory: 2031.73 MB

############# Testing with 100 projects to delete
Baseline - CPU: 0.42%, Free Memory: 2031.67 MB

############# Testing with 500 projects to delete
Baseline - CPU: 0.02%, Free Memory: 2031.72 MB

############# Testing with 1000 projects to delete
Baseline - CPU: 0.03%, Free Memory: 2031.77 MB

############# Testing with 5000 projects to delete
Baseline - CPU: 0.02%, Free Memory: 2031.53 MB

############# Testing with 10000 projects to delete
Baseline - CPU: 0.02%, Free Memory: 2031.39 MB

############# Testing with 50000 projects to delete
Baseline - CPU: 0.02%, Free Memory: 2031.72 MB

- Performance metrics for 1 objects: Time Taken = 8 ms, CPU Usage = 0.22 %, Memory Usage = 2031.75 MB

- Performance metrics for 5 objects: Time Taken = 15 ms, CPU Usage = 1.75 %, Memory Usage = 2031.71 MB

- Performance metrics for 10 objects: Time Taken = 18 ms, CPU Usage = 3.20 %, Memory Usage = 2031.80 MB

- Performance metrics for 50 objects: Time Taken = 44 ms, CPU Usage = 0.48 %, Memory Usage = 2031.53 MB

- Performance metrics for 100 objects: Time Taken = 49 ms, CPU Usage = -0.04 %, Memory Usage = 2031.16 MB

- Performance metrics for 500 objects: Time Taken = 84 ms, CPU Usage = 0.31 %, Memory Usage = 2028.36 MB

- Performance metrics for 1000 objects: Time Taken = 171 ms, CPU Usage = 0.50 %, Memory Usage = 2030.56 MB

- Performance metrics for 5000 objects: Time Taken = 1337 ms, CPU Usage = 0.66 %, Memory Usage = 2025.47 MB

- Performance metrics for 10000 objects: Time Taken = 4194 ms, CPU Usage = 0.61 %, Memory Usage = 2018.79 MB

- Performance metrics for 50000 objects: Time Taken = 124090 ms, CPU Usage = 0.13 %, Memory Usage = 2015.93 MB

Saved deleting projects performance tests----------------------

Server stopped.=======================

]]></system-out>
  </testcase>
  <testcase name="testPostProjectsJson" classname="api.ProjectsApiTest" time="42.106">
    <system-out><![CDATA[=======================Server is up and running.

----------------------Creating projects performance tests

############# Testing with 1 projects
Baseline - CPU: 0.02%, Free Memory: 2031.66 MB

############# Testing with 5 projects
Baseline - CPU: 0.06%, Free Memory: 2031.60 MB

############# Testing with 10 projects
Baseline - CPU: 0.03%, Free Memory: 2031.71 MB

############# Testing with 50 projects
Baseline - CPU: 0.13%, Free Memory: 2031.71 MB

############# Testing with 100 projects
Baseline - CPU: 0.03%, Free Memory: 2031.76 MB

############# Testing with 500 projects
Baseline - CPU: 0.03%, Free Memory: 2031.76 MB

############# Testing with 1000 projects
Baseline - CPU: 0.02%, Free Memory: 2031.76 MB

############# Testing with 5000 projects
Baseline - CPU: 0.04%, Free Memory: 2031.69 MB

############# Testing with 10000 projects
Baseline - CPU: 0.03%, Free Memory: 2031.58 MB

############# Testing with 50000 projects
Baseline - CPU: 0.05%, Free Memory: 2031.60 MB

- Performance metrics for 1 objects: Time Taken = 22 ms, CPU Usage = 0.17 %, Memory Usage = 2031.79 MB

- Performance metrics for 5 objects: Time Taken = 16 ms, CPU Usage = 0.36 %, Memory Usage = 2031.74 MB

- Performance metrics for 10 objects: Time Taken = 23 ms, CPU Usage = 0.44 %, Memory Usage = 2031.78 MB

- Performance metrics for 50 objects: Time Taken = 60 ms, CPU Usage = 0.40 %, Memory Usage = 2031.28 MB

- Performance metrics for 100 objects: Time Taken = 77 ms, CPU Usage = 0.72 %, Memory Usage = 2030.73 MB

- Performance metrics for 500 objects: Time Taken = 162 ms, CPU Usage = 0.72 %, Memory Usage = 2031.46 MB

- Performance metrics for 1000 objects: Time Taken = 134 ms, CPU Usage = 0.91 %, Memory Usage = 2031.47 MB

- Performance metrics for 5000 objects: Time Taken = 593 ms, CPU Usage = 1.77 %, Memory Usage = 2024.85 MB

- Performance metrics for 10000 objects: Time Taken = 1001 ms, CPU Usage = 2.51 %, Memory Usage = 2022.35 MB

- Performance metrics for 50000 objects: Time Taken = 4309 ms, CPU Usage = 3.81 %, Memory Usage = 2018.52 MB

Saved creating projects performance tests----------------------

Server stopped.=======================

]]></system-out>
  </testcase>
  <testcase name="testPutProjectsIdJson" classname="api.ProjectsApiTest" time="177.707">
    <system-out><![CDATA[=======================Server is up and running.

----------------------Updating projects performance tests

############# Testing with 1 projects to update
Baseline - CPU: 0.03%, Free Memory: 2020.50 MB

############# Testing with 5 projects to update
Baseline - CPU: 0.03%, Free Memory: 2008.84 MB

############# Testing with 10 projects to update
Baseline - CPU: 0.04%, Free Memory: 1997.74 MB

############# Testing with 50 projects to update
Baseline - CPU: 0.10%, Free Memory: 1985.77 MB

############# Testing with 100 projects to update
Baseline - CPU: 0.03%, Free Memory: 1974.80 MB

############# Testing with 500 projects to update
Baseline - CPU: 0.04%, Free Memory: 1963.88 MB

############# Testing with 1000 projects to update
Baseline - CPU: 0.03%, Free Memory: 1952.09 MB

############# Testing with 5000 projects to update
Baseline - CPU: 0.09%, Free Memory: 1940.84 MB

############# Testing with 10000 projects to update
Baseline - CPU: 0.02%, Free Memory: 1930.13 MB

############# Testing with 50000 projects to update
Baseline - CPU: 0.03%, Free Memory: 1917.82 MB

- Performance metrics for 1 objects: Time Taken = 12 ms, CPU Usage = 0.26 %, Memory Usage = 2020.63 MB

- Performance metrics for 5 objects: Time Taken = 19 ms, CPU Usage = 0.31 %, Memory Usage = 2008.99 MB

- Performance metrics for 10 objects: Time Taken = 26 ms, CPU Usage = 0.41 %, Memory Usage = 1997.82 MB

- Performance metrics for 50 objects: Time Taken = 52 ms, CPU Usage = 0.41 %, Memory Usage = 1985.44 MB

- Performance metrics for 100 objects: Time Taken = 62 ms, CPU Usage = 0.60 %, Memory Usage = 1973.88 MB

- Performance metrics for 500 objects: Time Taken = 116 ms, CPU Usage = 0.75 %, Memory Usage = 1958.36 MB

- Performance metrics for 1000 objects: Time Taken = 198 ms, CPU Usage = 1.37 %, Memory Usage = 1941.51 MB

- Performance metrics for 5000 objects: Time Taken = 1385 ms, CPU Usage = 1.40 %, Memory Usage = 1905.25 MB

- Performance metrics for 10000 objects: Time Taken = 4748 ms, CPU Usage = 1.13 %, Memory Usage = 1873.11 MB

- Performance metrics for 50000 objects: Time Taken = 127937 ms, CPU Usage = 0.34 %, Memory Usage = 1849.43 MB

Saved updating projects performance tests----------------------

Server stopped.=======================

]]></system-out>
  </testcase>
</testsuite>