<?xml version="1.0" encoding="UTF-8"?>
<testsuite xmlns:xsi="http://www.w3.org/2001/XMLSchema-instance" xsi:noNamespaceSchemaLocation="https://maven.apache.org/surefire/maven-surefire-plugin/xsd/surefire-test-report-3.0.xsd" version="3.0" name="api.ProjectsApiTest" time="344.556" tests="3" errors="0" skipped="0" failures="0">
  <properties>
[...]
</properties>
  <testcase name="testDeleteProjectsId" classname="api.ProjectsApiTest" time="154.332">
    <system-out><![CDATA[=======================Server is up and running.

----------------------Deleting projects performance tests

############# Testing with 1 projects to delete
Baseline - CPU: 0.04%, Memory: 48.07 MB

############# Testing with 5 projects to delete
Baseline - CPU: 4.09%, Memory: 49.07 MB

############# Testing with 10 projects to delete
Baseline - CPU: 0.06%, Memory: 50.07 MB

############# Testing with 50 projects to delete
Baseline - CPU: 0.04%, Memory: 55.07 MB

############# Testing with 100 projects to delete
Baseline - CPU: 0.04%, Memory: 65.07 MB

############# Testing with 500 projects to delete
Baseline - CPU: 0.04%, Memory: 104.07 MB

############# Testing with 1000 projects to delete
Baseline - CPU: 12.24%, Memory: 95.82 MB

############# Testing with 5000 projects to delete
Baseline - CPU: 0.01%, Memory: 55.74 MB

############# Testing with 10000 projects to delete
Baseline - CPU: 0.02%, Memory: 96.73 MB

############# Testing with 50000 projects to delete
Baseline - CPU: 0.03%, Memory: 75.71 MB

- Performance metrics for 1 objects: Time Taken = 4 ms, CPU Usage = 1.29 %, Memory Usage = -0.33 MB

- Performance metrics for 5 objects: Time Taken = 4 ms, CPU Usage = 4.53 %, Memory Usage = -0.33 MB

- Performance metrics for 10 objects: Time Taken = 15 ms, CPU Usage = 1.48 %, Memory Usage = 0.00 MB

- Performance metrics for 50 objects: Time Taken = 34 ms, CPU Usage = 0.44 %, Memory Usage = -0.25 MB

- Performance metrics for 100 objects: Time Taken = 38 ms, CPU Usage = 1.13 %, Memory Usage = -0.25 MB

- Performance metrics for 500 objects: Time Taken = 80 ms, CPU Usage = 1.29 %, Memory Usage = -16.85 MB

- Performance metrics for 1000 objects: Time Taken = 134 ms, CPU Usage = -4.12 %, Memory Usage = -9.99 MB

- Performance metrics for 5000 objects: Time Taken = 1282 ms, CPU Usage = 0.94 %, Memory Usage = 16.56 MB

- Performance metrics for 10000 objects: Time Taken = 4139 ms, CPU Usage = 0.56 %, Memory Usage = -22.56 MB

- Performance metrics for 50000 objects: Time Taken = 119987 ms, CPU Usage = 0.13 %, Memory Usage = -1.18 MB

Saved deleting projects performance tests----------------------

Server stopped.=======================

]]></system-out>
  </testcase>
  <testcase name="testPostProjectsJson" classname="api.ProjectsApiTest" time="29.213">
    <system-out><![CDATA[=======================Server is up and running.

----------------------Creating projects performance tests
\n############# Testing with 1 projects
Baseline - CPU: 0.03%, Memory: 65.76 MB
\n############# Testing with 5 projects
Baseline - CPU: 0.06%, Memory: 65.76 MB
\n############# Testing with 10 projects
Baseline - CPU: 0.09%, Memory: 66.76 MB
\n############# Testing with 50 projects
Baseline - CPU: 0.05%, Memory: 67.76 MB
\n############# Testing with 100 projects
Baseline - CPU: 0.05%, Memory: 72.76 MB
\n############# Testing with 500 projects
Baseline - CPU: 0.06%, Memory: 79.76 MB
\n############# Testing with 1000 projects
Baseline - CPU: 0.06%, Memory: 113.76 MB
\n############# Testing with 5000 projects
Baseline - CPU: 0.06%, Memory: 83.77 MB
\n############# Testing with 10000 projects
Baseline - CPU: 0.08%, Memory: 116.46 MB
\n############# Testing with 50000 projects
Baseline - CPU: 0.07%, Memory: 60.14 MB

- Performance metrics for 1 objects: Time Taken = 6 ms, CPU Usage = 0.46 %, Memory Usage = -0.25 MB

- Performance metrics for 5 objects: Time Taken = 15 ms, CPU Usage = 0.35 %, Memory Usage = 0.00 MB

- Performance metrics for 10 objects: Time Taken = 24 ms, CPU Usage = 0.34 %, Memory Usage = 0.00 MB

- Performance metrics for 50 objects: Time Taken = 63 ms, CPU Usage = 0.59 %, Memory Usage = 0.60 MB

- Performance metrics for 100 objects: Time Taken = 62 ms, CPU Usage = 0.73 %, Memory Usage = 0.80 MB

- Performance metrics for 500 objects: Time Taken = 141 ms, CPU Usage = 0.82 %, Memory Usage = 4.67 MB

- Performance metrics for 1000 objects: Time Taken = 148 ms, CPU Usage = 1.47 %, Memory Usage = -22.16 MB

- Performance metrics for 5000 objects: Time Taken = 565 ms, CPU Usage = 2.64 %, Memory Usage = -0.11 MB

- Performance metrics for 10000 objects: Time Taken = 1008 ms, CPU Usage = 3.17 %, Memory Usage = -18.15 MB

- Performance metrics for 50000 objects: Time Taken = 4217 ms, CPU Usage = 3.99 %, Memory Usage = 25.56 MB

Saved creating projects performance tests----------------------

Server stopped.=======================

]]></system-out>
  </testcase>
  <testcase name="testPutProjectsIdJson" classname="api.ProjectsApiTest" time="161.01">
    <system-out><![CDATA[=======================Server is up and running.

----------------------Updating projects performance tests

############# Testing with 1 projects to update
Baseline - CPU: 0.04%, Memory: 73.75 MB

############# Testing with 5 projects to update
Baseline - CPU: 0.03%, Memory: 84.62 MB

############# Testing with 10 projects to update
Baseline - CPU: 0.03%, Memory: 95.12 MB

############# Testing with 50 projects to update
Baseline - CPU: 0.04%, Memory: 118.12 MB

############# Testing with 100 projects to update
Baseline - CPU: 0.04%, Memory: 152.12 MB

############# Testing with 500 projects to update
Baseline - CPU: 0.04%, Memory: 141.22 MB

############# Testing with 1000 projects to update
Baseline - CPU: 0.03%, Memory: 109.64 MB

############# Testing with 5000 projects to update
Baseline - CPU: 0.04%, Memory: 112.25 MB

############# Testing with 10000 projects to update
Baseline - CPU: 0.01%, Memory: 180.44 MB

############# Testing with 50000 projects to update
Baseline - CPU: 0.05%, Memory: 160.98 MB

- Performance metrics for 1 objects: Time Taken = 4 ms, CPU Usage = 0.39 %, Memory Usage = -0.33 MB

- Performance metrics for 5 objects: Time Taken = 11 ms, CPU Usage = 0.60 %, Memory Usage = -0.25 MB

- Performance metrics for 10 objects: Time Taken = 15 ms, CPU Usage = 0.60 %, Memory Usage = -0.50 MB

- Performance metrics for 50 objects: Time Taken = 41 ms, CPU Usage = 0.49 %, Memory Usage = -0.25 MB

- Performance metrics for 100 objects: Time Taken = 51 ms, CPU Usage = 0.66 %, Memory Usage = 0.25 MB

- Performance metrics for 500 objects: Time Taken = 104 ms, CPU Usage = 1.22 %, Memory Usage = 3.00 MB

- Performance metrics for 1000 objects: Time Taken = 177 ms, CPU Usage = 2.11 %, Memory Usage = 16.43 MB

- Performance metrics for 5000 objects: Time Taken = 1316 ms, CPU Usage = 2.42 %, Memory Usage = 31.83 MB

- Performance metrics for 10000 objects: Time Taken = 4770 ms, CPU Usage = 1.34 %, Memory Usage = -24.35 MB

- Performance metrics for 50000 objects: Time Taken = 124474 ms, CPU Usage = 0.39 %, Memory Usage = 8.40 MB

Saved updating projects performance tests----------------------

Server stopped.=======================

]]></system-out>
  </testcase>
</testsuite>