-------------------------------------------------------------------------------
Test set: runner.TestRunner
-------------------------------------------------------------------------------
Tests run: 61, Failures: 0, Errors: 61, Skipped: 0, Time elapsed: 0.986 s <<< FAILURE! -- in runner.TestRunner
Creation Flows (Normal, Alternate, Error).Example #1.1 -- Time elapsed: 0.520 s <<< ERROR!
java.lang.RuntimeException: Service is not running at http://localhost:4567. Ensure java -jar runTodoManagerRestAPI-1.5.5.jar is executed.
	at api.Api.fail(Api.java:26)
	at api.Api.checkServiceStatus(Api.java:41)
	at setup.ScenarioHooks.the_rest_api_todo_list_manager_is_running(ScenarioHooks.java:28)
	at ✽.the Rest API Todo List Manager is running(classpath:features/todos_management.feature:9)

Creation Flows (Normal, Alternate, Error).Example #1.2 -- Time elapsed: 0.012 s <<< ERROR!
java.lang.RuntimeException: Service is not running at http://localhost:4567. Ensure java -jar runTodoManagerRestAPI-1.5.5.jar is executed.
	at api.Api.fail(Api.java:26)
	at api.Api.checkServiceStatus(Api.java:41)
	at setup.ScenarioHooks.the_rest_api_todo_list_manager_is_running(ScenarioHooks.java:28)
	at ✽.the Rest API Todo List Manager is running(classpath:features/todos_management.feature:9)

Creation Flows (Normal, Alternate, Error).Example #1.3 -- Time elapsed: 0.010 s <<< ERROR!
java.lang.RuntimeException: Service is not running at http://localhost:4567. Ensure java -jar runTodoManagerRestAPI-1.5.5.jar is executed.
	at api.Api.fail(Api.java:26)
	at api.Api.checkServiceStatus(Api.java:41)
	at setup.ScenarioHooks.the_rest_api_todo_list_manager_is_running(ScenarioHooks.java:28)
	at ✽.the Rest API Todo List Manager is running(classpath:features/todos_management.feature:9)

Partial Update Flows (Normal, Alternate, Error).Example #1.1 -- Time elapsed: 0.010 s <<< ERROR!
java.lang.RuntimeException: Service is not running at http://localhost:4567. Ensure java -jar runTodoManagerRestAPI-1.5.5.jar is executed.
	at api.Api.fail(Api.java:26)
	at api.Api.checkServiceStatus(Api.java:41)
	at setup.ScenarioHooks.the_rest_api_todo_list_manager_is_running(ScenarioHooks.java:28)
	at ✽.the Rest API Todo List Manager is running(classpath:features/todos_management.feature:9)

Partial Update Flows (Normal, Alternate, Error).Example #1.2 -- Time elapsed: 0.009 s <<< ERROR!
java.lang.RuntimeException: Service is not running at http://localhost:4567. Ensure java -jar runTodoManagerRestAPI-1.5.5.jar is executed.
	at api.Api.fail(Api.java:26)
	at api.Api.checkServiceStatus(Api.java:41)
	at setup.ScenarioHooks.the_rest_api_todo_list_manager_is_running(ScenarioHooks.java:28)
	at ✽.the Rest API Todo List Manager is running(classpath:features/todos_management.feature:9)

Partial Update Flows (Normal, Alternate, Error).Example #1.3 -- Time elapsed: 0.009 s <<< ERROR!
java.lang.RuntimeException: Service is not running at http://localhost:4567. Ensure java -jar runTodoManagerRestAPI-1.5.5.jar is executed.
	at api.Api.fail(Api.java:26)
	at api.Api.checkServiceStatus(Api.java:41)
	at setup.ScenarioHooks.the_rest_api_todo_list_manager_is_running(ScenarioHooks.java:28)
	at ✽.the Rest API Todo List Manager is running(classpath:features/todos_management.feature:9)

Retrieval and Filtering Flows (Normal, Alternate, Error).Example #1.1 -- Time elapsed: 0.008 s <<< ERROR!
java.lang.RuntimeException: Service is not running at http://localhost:4567. Ensure java -jar runTodoManagerRestAPI-1.5.5.jar is executed.
	at api.Api.fail(Api.java:26)
	at api.Api.checkServiceStatus(Api.java:41)
	at setup.ScenarioHooks.the_rest_api_todo_list_manager_is_running(ScenarioHooks.java:28)
	at ✽.the Rest API Todo List Manager is running(classpath:features/todos_management.feature:9)

Retrieval and Filtering Flows (Normal, Alternate, Error).Example #1.2 -- Time elapsed: 0.008 s <<< ERROR!
java.lang.RuntimeException: Service is not running at http://localhost:4567. Ensure java -jar runTodoManagerRestAPI-1.5.5.jar is executed.
	at api.Api.fail(Api.java:26)
	at api.Api.checkServiceStatus(Api.java:41)
	at setup.ScenarioHooks.the_rest_api_todo_list_manager_is_running(ScenarioHooks.java:28)
	at ✽.the Rest API Todo List Manager is running(classpath:features/todos_management.feature:9)

Retrieval and Filtering Flows (Normal, Alternate, Error).Example #1.3 -- Time elapsed: 0.008 s <<< ERROR!
java.lang.RuntimeException: Service is not running at http://localhost:4567. Ensure java -jar runTodoManagerRestAPI-1.5.5.jar is executed.
	at api.Api.fail(Api.java:26)
	at api.Api.checkServiceStatus(Api.java:41)
	at setup.ScenarioHooks.the_rest_api_todo_list_manager_is_running(ScenarioHooks.java:28)
	at ✽.the Rest API Todo List Manager is running(classpath:features/todos_management.feature:9)

Deletion Flows (Normal, Alternate, Error).Example #1.1 -- Time elapsed: 0.007 s <<< ERROR!
java.lang.RuntimeException: Service is not running at http://localhost:4567. Ensure java -jar runTodoManagerRestAPI-1.5.5.jar is executed.
	at api.Api.fail(Api.java:26)
	at api.Api.checkServiceStatus(Api.java:41)
	at setup.ScenarioHooks.the_rest_api_todo_list_manager_is_running(ScenarioHooks.java:28)
	at ✽.the Rest API Todo List Manager is running(classpath:features/todos_management.feature:9)

Deletion Flows (Normal, Alternate, Error).Example #1.2 -- Time elapsed: 0.007 s <<< ERROR!
java.lang.RuntimeException: Service is not running at http://localhost:4567. Ensure java -jar runTodoManagerRestAPI-1.5.5.jar is executed.
	at api.Api.fail(Api.java:26)
	at api.Api.checkServiceStatus(Api.java:41)
	at setup.ScenarioHooks.the_rest_api_todo_list_manager_is_running(ScenarioHooks.java:28)
	at ✽.the Rest API Todo List Manager is running(classpath:features/todos_management.feature:9)

Deletion Flows (Normal, Alternate, Error).Example #1.3 -- Time elapsed: 0.007 s <<< ERROR!
java.lang.RuntimeException: Service is not running at http://localhost:4567. Ensure java -jar runTodoManagerRestAPI-1.5.5.jar is executed.
	at api.Api.fail(Api.java:26)
	at api.Api.checkServiceStatus(Api.java:41)
	at setup.ScenarioHooks.the_rest_api_todo_list_manager_is_running(ScenarioHooks.java:28)
	at ✽.the Rest API Todo List Manager is running(classpath:features/todos_management.feature:9)

Full Replacement Flows (Normal, Alternate, Error).Example #1.1 -- Time elapsed: 0.007 s <<< ERROR!
java.lang.RuntimeException: Service is not running at http://localhost:4567. Ensure java -jar runTodoManagerRestAPI-1.5.5.jar is executed.
	at api.Api.fail(Api.java:26)
	at api.Api.checkServiceStatus(Api.java:41)
	at setup.ScenarioHooks.the_rest_api_todo_list_manager_is_running(ScenarioHooks.java:28)
	at ✽.the Rest API Todo List Manager is running(classpath:features/todos_management.feature:9)

Full Replacement Flows (Normal, Alternate, Error).Example #1.2 -- Time elapsed: 0.007 s <<< ERROR!
java.lang.RuntimeException: Service is not running at http://localhost:4567. Ensure java -jar runTodoManagerRestAPI-1.5.5.jar is executed.
	at api.Api.fail(Api.java:26)
	at api.Api.checkServiceStatus(Api.java:41)
	at setup.ScenarioHooks.the_rest_api_todo_list_manager_is_running(ScenarioHooks.java:28)
	at ✽.the Rest API Todo List Manager is running(classpath:features/todos_management.feature:9)

Full Replacement Flows (Normal, Alternate, Error).Example #1.3 -- Time elapsed: 0.007 s <<< ERROR!
java.lang.RuntimeException: Service is not running at http://localhost:4567. Ensure java -jar runTodoManagerRestAPI-1.5.5.jar is executed.
	at api.Api.fail(Api.java:26)
	at api.Api.checkServiceStatus(Api.java:41)
	at setup.ScenarioHooks.the_rest_api_todo_list_manager_is_running(ScenarioHooks.java:28)
	at ✽.the Rest API Todo List Manager is running(classpath:features/todos_management.feature:9)

Examples.Example #1.1 -- Time elapsed: 0.007 s <<< ERROR!
java.lang.RuntimeException: Service is not running at http://localhost:4567. Ensure java -jar runTodoManagerRestAPI-1.5.5.jar is executed.
	at api.Api.fail(Api.java:26)
	at api.Api.checkServiceStatus(Api.java:41)
	at setup.ScenarioHooks.the_rest_api_todo_list_manager_is_running(ScenarioHooks.java:28)
	at ✽.the Rest API Todo List Manager is running(classpath:features/todo_and_project_management.feature:4)

Examples.Example #1.1 -- Time elapsed: 0.007 s <<< ERROR!
java.lang.RuntimeException: Service is not running at http://localhost:4567. Ensure java -jar runTodoManagerRestAPI-1.5.5.jar is executed.
	at api.Api.fail(Api.java:26)
	at api.Api.checkServiceStatus(Api.java:41)
	at setup.ScenarioHooks.the_rest_api_todo_list_manager_is_running(ScenarioHooks.java:28)
	at ✽.the Rest API Todo List Manager is running(classpath:features/todo_and_project_management.feature:4)

Examples.Example #1.1 -- Time elapsed: 0.006 s <<< ERROR!
java.lang.RuntimeException: Service is not running at http://localhost:4567. Ensure java -jar runTodoManagerRestAPI-1.5.5.jar is executed.
	at api.Api.fail(Api.java:26)
	at api.Api.checkServiceStatus(Api.java:41)
	at setup.ScenarioHooks.the_rest_api_todo_list_manager_is_running(ScenarioHooks.java:28)
	at ✽.the Rest API Todo List Manager is running(classpath:features/todo_and_project_management.feature:4)

Examples.Example #1.1 -- Time elapsed: 0.008 s <<< ERROR!
java.lang.RuntimeException: Service is not running at http://localhost:4567. Ensure java -jar runTodoManagerRestAPI-1.5.5.jar is executed.
	at api.Api.fail(Api.java:26)
	at api.Api.checkServiceStatus(Api.java:41)
	at setup.ScenarioHooks.the_rest_api_todo_list_manager_is_running(ScenarioHooks.java:28)
	at ✽.the Rest API Todo List Manager is running(classpath:features/todo_and_project_management.feature:4)

Examples.Example #1.1 -- Time elapsed: 0.017 s <<< ERROR!
java.lang.RuntimeException: Service is not running at http://localhost:4567. Ensure java -jar runTodoManagerRestAPI-1.5.5.jar is executed.
	at api.Api.fail(Api.java:26)
	at api.Api.checkServiceStatus(Api.java:41)
	at setup.ScenarioHooks.the_rest_api_todo_list_manager_is_running(ScenarioHooks.java:28)
	at ✽.the Rest API Todo List Manager is running(classpath:features/todo_and_project_management.feature:4)

Examples.Example #1.1 -- Time elapsed: 0.007 s <<< ERROR!
java.lang.RuntimeException: Service is not running at http://localhost:4567. Ensure java -jar runTodoManagerRestAPI-1.5.5.jar is executed.
	at api.Api.fail(Api.java:26)
	at api.Api.checkServiceStatus(Api.java:41)
	at setup.ScenarioHooks.the_rest_api_todo_list_manager_is_running(ScenarioHooks.java:28)
	at ✽.the Rest API Todo List Manager is running(classpath:features/todo_and_project_management.feature:4)

Examples.Example #1.1 -- Time elapsed: 0.007 s <<< ERROR!
java.lang.RuntimeException: Service is not running at http://localhost:4567. Ensure java -jar runTodoManagerRestAPI-1.5.5.jar is executed.
	at api.Api.fail(Api.java:26)
	at api.Api.checkServiceStatus(Api.java:41)
	at setup.ScenarioHooks.the_rest_api_todo_list_manager_is_running(ScenarioHooks.java:28)
	at ✽.the Rest API Todo List Manager is running(classpath:features/todo_and_project_management.feature:4)

Examples.Example #1.1 -- Time elapsed: 0.006 s <<< ERROR!
java.lang.RuntimeException: Service is not running at http://localhost:4567. Ensure java -jar runTodoManagerRestAPI-1.5.5.jar is executed.
	at api.Api.fail(Api.java:26)
	at api.Api.checkServiceStatus(Api.java:41)
	at setup.ScenarioHooks.the_rest_api_todo_list_manager_is_running(ScenarioHooks.java:28)
	at ✽.the Rest API Todo List Manager is running(classpath:features/todo_and_project_management.feature:4)

Examples.Example #1.1 -- Time elapsed: 0.006 s <<< ERROR!
java.lang.RuntimeException: Service is not running at http://localhost:4567. Ensure java -jar runTodoManagerRestAPI-1.5.5.jar is executed.
	at api.Api.fail(Api.java:26)
	at api.Api.checkServiceStatus(Api.java:41)
	at setup.ScenarioHooks.the_rest_api_todo_list_manager_is_running(ScenarioHooks.java:28)
	at ✽.the Rest API Todo List Manager is running(classpath:features/todo_and_project_management.feature:4)

Creation Flows (Normal, Alternate, Error).Example #1.1 -- Time elapsed: 0.007 s <<< ERROR!
java.lang.RuntimeException: Service is not running at http://localhost:4567. Ensure java -jar runTodoManagerRestAPI-1.5.5.jar is executed.
	at api.Api.fail(Api.java:26)
	at api.Api.checkServiceStatus(Api.java:41)
	at setup.ScenarioHooks.the_rest_api_todo_list_manager_is_running(ScenarioHooks.java:28)
	at ✽.the Rest API Todo List Manager is running(classpath:features/projects_management.feature:9)

Creation Flows (Normal, Alternate, Error).Example #1.2 -- Time elapsed: 0.007 s <<< ERROR!
java.lang.RuntimeException: Service is not running at http://localhost:4567. Ensure java -jar runTodoManagerRestAPI-1.5.5.jar is executed.
	at api.Api.fail(Api.java:26)
	at api.Api.checkServiceStatus(Api.java:41)
	at setup.ScenarioHooks.the_rest_api_todo_list_manager_is_running(ScenarioHooks.java:28)
	at ✽.the Rest API Todo List Manager is running(classpath:features/projects_management.feature:9)

Creation Flows (Normal, Alternate, Error).Example #1.3 -- Time elapsed: 0.005 s <<< ERROR!
java.lang.RuntimeException: Service is not running at http://localhost:4567. Ensure java -jar runTodoManagerRestAPI-1.5.5.jar is executed.
	at api.Api.fail(Api.java:26)
	at api.Api.checkServiceStatus(Api.java:41)
	at setup.ScenarioHooks.the_rest_api_todo_list_manager_is_running(ScenarioHooks.java:28)
	at ✽.the Rest API Todo List Manager is running(classpath:features/projects_management.feature:9)

Update Flows (Normal, Alternate, Error).Example #1.1 -- Time elapsed: 0.006 s <<< ERROR!
java.lang.RuntimeException: Service is not running at http://localhost:4567. Ensure java -jar runTodoManagerRestAPI-1.5.5.jar is executed.
	at api.Api.fail(Api.java:26)
	at api.Api.checkServiceStatus(Api.java:41)
	at setup.ScenarioHooks.the_rest_api_todo_list_manager_is_running(ScenarioHooks.java:28)
	at ✽.the Rest API Todo List Manager is running(classpath:features/projects_management.feature:9)

Update Flows (Normal, Alternate, Error).Example #1.2 -- Time elapsed: 0.006 s <<< ERROR!
java.lang.RuntimeException: Service is not running at http://localhost:4567. Ensure java -jar runTodoManagerRestAPI-1.5.5.jar is executed.
	at api.Api.fail(Api.java:26)
	at api.Api.checkServiceStatus(Api.java:41)
	at setup.ScenarioHooks.the_rest_api_todo_list_manager_is_running(ScenarioHooks.java:28)
	at ✽.the Rest API Todo List Manager is running(classpath:features/projects_management.feature:9)

Update Flows (Normal, Alternate, Error).Example #1.3 -- Time elapsed: 0.005 s <<< ERROR!
java.lang.RuntimeException: Service is not running at http://localhost:4567. Ensure java -jar runTodoManagerRestAPI-1.5.5.jar is executed.
	at api.Api.fail(Api.java:26)
	at api.Api.checkServiceStatus(Api.java:41)
	at setup.ScenarioHooks.the_rest_api_todo_list_manager_is_running(ScenarioHooks.java:28)
	at ✽.the Rest API Todo List Manager is running(classpath:features/projects_management.feature:9)

Retrieval All and Filtering Flows (Normal, Alternate, Error).Example #1.1 -- Time elapsed: 0.006 s <<< ERROR!
java.lang.RuntimeException: Service is not running at http://localhost:4567. Ensure java -jar runTodoManagerRestAPI-1.5.5.jar is executed.
	at api.Api.fail(Api.java:26)
	at api.Api.checkServiceStatus(Api.java:41)
	at setup.ScenarioHooks.the_rest_api_todo_list_manager_is_running(ScenarioHooks.java:28)
	at ✽.the Rest API Todo List Manager is running(classpath:features/projects_management.feature:9)

Retrieval All and Filtering Flows (Normal, Alternate, Error).Example #1.2 -- Time elapsed: 0.006 s <<< ERROR!
java.lang.RuntimeException: Service is not running at http://localhost:4567. Ensure java -jar runTodoManagerRestAPI-1.5.5.jar is executed.
	at api.Api.fail(Api.java:26)
	at api.Api.checkServiceStatus(Api.java:41)
	at setup.ScenarioHooks.the_rest_api_todo_list_manager_is_running(ScenarioHooks.java:28)
	at ✽.the Rest API Todo List Manager is running(classpath:features/projects_management.feature:9)

Retrieval All and Filtering Flows (Normal, Alternate, Error).Example #1.3 -- Time elapsed: 0.006 s <<< ERROR!
java.lang.RuntimeException: Service is not running at http://localhost:4567. Ensure java -jar runTodoManagerRestAPI-1.5.5.jar is executed.
	at api.Api.fail(Api.java:26)
	at api.Api.checkServiceStatus(Api.java:41)
	at setup.ScenarioHooks.the_rest_api_todo_list_manager_is_running(ScenarioHooks.java:28)
	at ✽.the Rest API Todo List Manager is running(classpath:features/projects_management.feature:9)

Deletion Flows (Normal, Error).Example #1.1 -- Time elapsed: 0.005 s <<< ERROR!
java.lang.RuntimeException: Service is not running at http://localhost:4567. Ensure java -jar runTodoManagerRestAPI-1.5.5.jar is executed.
	at api.Api.fail(Api.java:26)
	at api.Api.checkServiceStatus(Api.java:41)
	at setup.ScenarioHooks.the_rest_api_todo_list_manager_is_running(ScenarioHooks.java:28)
	at ✽.the Rest API Todo List Manager is running(classpath:features/projects_management.feature:9)

Deletion Flows (Normal, Error).Example #1.2 -- Time elapsed: 0.018 s <<< ERROR!
java.lang.RuntimeException: Service is not running at http://localhost:4567. Ensure java -jar runTodoManagerRestAPI-1.5.5.jar is executed.
	at api.Api.fail(Api.java:26)
	at api.Api.checkServiceStatus(Api.java:41)
	at setup.ScenarioHooks.the_rest_api_todo_list_manager_is_running(ScenarioHooks.java:28)
	at ✽.the Rest API Todo List Manager is running(classpath:features/projects_management.feature:9)

Deletion Flows (Normal, Error).Example #1.3 -- Time elapsed: 0.005 s <<< ERROR!
java.lang.RuntimeException: Service is not running at http://localhost:4567. Ensure java -jar runTodoManagerRestAPI-1.5.5.jar is executed.
	at api.Api.fail(Api.java:26)
	at api.Api.checkServiceStatus(Api.java:41)
	at setup.ScenarioHooks.the_rest_api_todo_list_manager_is_running(ScenarioHooks.java:28)
	at ✽.the Rest API Todo List Manager is running(classpath:features/projects_management.feature:9)

Retrieval Flows (Normal, Alternate, Error).Example #1.1 -- Time elapsed: 0.005 s <<< ERROR!
java.lang.RuntimeException: Service is not running at http://localhost:4567. Ensure java -jar runTodoManagerRestAPI-1.5.5.jar is executed.
	at api.Api.fail(Api.java:26)
	at api.Api.checkServiceStatus(Api.java:41)
	at setup.ScenarioHooks.the_rest_api_todo_list_manager_is_running(ScenarioHooks.java:28)
	at ✽.the Rest API Todo List Manager is running(classpath:features/projects_management.feature:9)

Retrieval Flows (Normal, Alternate, Error).Example #1.2 -- Time elapsed: 0.005 s <<< ERROR!
java.lang.RuntimeException: Service is not running at http://localhost:4567. Ensure java -jar runTodoManagerRestAPI-1.5.5.jar is executed.
	at api.Api.fail(Api.java:26)
	at api.Api.checkServiceStatus(Api.java:41)
	at setup.ScenarioHooks.the_rest_api_todo_list_manager_is_running(ScenarioHooks.java:28)
	at ✽.the Rest API Todo List Manager is running(classpath:features/projects_management.feature:9)

Retrieval Flows (Normal, Alternate, Error).Example #1.3 -- Time elapsed: 0.006 s <<< ERROR!
java.lang.RuntimeException: Service is not running at http://localhost:4567. Ensure java -jar runTodoManagerRestAPI-1.5.5.jar is executed.
	at api.Api.fail(Api.java:26)
	at api.Api.checkServiceStatus(Api.java:41)
	at setup.ScenarioHooks.the_rest_api_todo_list_manager_is_running(ScenarioHooks.java:28)
	at ✽.the Rest API Todo List Manager is running(classpath:features/projects_management.feature:9)

Examples.Example #1.1 -- Time elapsed: 0.005 s <<< ERROR!
java.lang.RuntimeException: Service is not running at http://localhost:4567. Ensure java -jar runTodoManagerRestAPI-1.5.5.jar is executed.
	at api.Api.fail(Api.java:26)
	at api.Api.checkServiceStatus(Api.java:41)
	at setup.ScenarioHooks.the_rest_api_todo_list_manager_is_running(ScenarioHooks.java:28)
	at ✽.the Rest API Todo List Manager is running(classpath:features/category_and_todo_management.feature:4)

Examples.Example #1.1 -- Time elapsed: 0.005 s <<< ERROR!
java.lang.RuntimeException: Service is not running at http://localhost:4567. Ensure java -jar runTodoManagerRestAPI-1.5.5.jar is executed.
	at api.Api.fail(Api.java:26)
	at api.Api.checkServiceStatus(Api.java:41)
	at setup.ScenarioHooks.the_rest_api_todo_list_manager_is_running(ScenarioHooks.java:28)
	at ✽.the Rest API Todo List Manager is running(classpath:features/category_and_todo_management.feature:4)

Examples.Example #1.1 -- Time elapsed: 0.005 s <<< ERROR!
java.lang.RuntimeException: Service is not running at http://localhost:4567. Ensure java -jar runTodoManagerRestAPI-1.5.5.jar is executed.
	at api.Api.fail(Api.java:26)
	at api.Api.checkServiceStatus(Api.java:41)
	at setup.ScenarioHooks.the_rest_api_todo_list_manager_is_running(ScenarioHooks.java:28)
	at ✽.the Rest API Todo List Manager is running(classpath:features/category_and_todo_management.feature:4)

Examples.Example #1.1 -- Time elapsed: 0.007 s <<< ERROR!
java.lang.RuntimeException: Service is not running at http://localhost:4567. Ensure java -jar runTodoManagerRestAPI-1.5.5.jar is executed.
	at api.Api.fail(Api.java:26)
	at api.Api.checkServiceStatus(Api.java:41)
	at steps.InteroperabilityStepDefinitions.theSystemIsRunning(InteroperabilityStepDefinitions.java:31)
	at ✽.the system is running(classpath:features/category_and_project_management.feature:4)

Examples.Example #1.1 -- Time elapsed: 0.005 s <<< ERROR!
java.lang.RuntimeException: Service is not running at http://localhost:4567. Ensure java -jar runTodoManagerRestAPI-1.5.5.jar is executed.
	at api.Api.fail(Api.java:26)
	at api.Api.checkServiceStatus(Api.java:41)
	at steps.InteroperabilityStepDefinitions.theSystemIsRunning(InteroperabilityStepDefinitions.java:31)
	at ✽.the system is running(classpath:features/category_and_project_management.feature:4)

Examples.Example #1.1 -- Time elapsed: 0.004 s <<< ERROR!
java.lang.RuntimeException: Service is not running at http://localhost:4567. Ensure java -jar runTodoManagerRestAPI-1.5.5.jar is executed.
	at api.Api.fail(Api.java:26)
	at api.Api.checkServiceStatus(Api.java:41)
	at steps.InteroperabilityStepDefinitions.theSystemIsRunning(InteroperabilityStepDefinitions.java:31)
	at ✽.the system is running(classpath:features/category_and_project_management.feature:4)

Creation Flows (Normal, Alternate, Error).Example #1.1 -- Time elapsed: 0.005 s <<< ERROR!
java.lang.RuntimeException: Service is not running at http://localhost:4567. Ensure java -jar runTodoManagerRestAPI-1.5.5.jar is executed.
	at api.Api.fail(Api.java:26)
	at api.Api.checkServiceStatus(Api.java:41)
	at steps.InteroperabilityStepDefinitions.theSystemIsRunning(InteroperabilityStepDefinitions.java:31)
	at ✽.the system is running(classpath:features/categories_management.feature:8)

Creation Flows (Normal, Alternate, Error).Example #1.2 -- Time elapsed: 0.005 s <<< ERROR!
java.lang.RuntimeException: Service is not running at http://localhost:4567. Ensure java -jar runTodoManagerRestAPI-1.5.5.jar is executed.
	at api.Api.fail(Api.java:26)
	at api.Api.checkServiceStatus(Api.java:41)
	at steps.InteroperabilityStepDefinitions.theSystemIsRunning(InteroperabilityStepDefinitions.java:31)
	at ✽.the system is running(classpath:features/categories_management.feature:8)

Creation Flows (Normal, Alternate, Error).Example #1.3 -- Time elapsed: 0.005 s <<< ERROR!
java.lang.RuntimeException: Service is not running at http://localhost:4567. Ensure java -jar runTodoManagerRestAPI-1.5.5.jar is executed.
	at api.Api.fail(Api.java:26)
	at api.Api.checkServiceStatus(Api.java:41)
	at steps.InteroperabilityStepDefinitions.theSystemIsRunning(InteroperabilityStepDefinitions.java:31)
	at ✽.the system is running(classpath:features/categories_management.feature:8)

Update Flows (Normal, Alternate, Error).Example #1.1 -- Time elapsed: 0.004 s <<< ERROR!
java.lang.RuntimeException: Service is not running at http://localhost:4567. Ensure java -jar runTodoManagerRestAPI-1.5.5.jar is executed.
	at api.Api.fail(Api.java:26)
	at api.Api.checkServiceStatus(Api.java:41)
	at steps.InteroperabilityStepDefinitions.theSystemIsRunning(InteroperabilityStepDefinitions.java:31)
	at ✽.the system is running(classpath:features/categories_management.feature:8)

Update Flows (Normal, Alternate, Error).Example #1.2 -- Time elapsed: 0.005 s <<< ERROR!
java.lang.RuntimeException: Service is not running at http://localhost:4567. Ensure java -jar runTodoManagerRestAPI-1.5.5.jar is executed.
	at api.Api.fail(Api.java:26)
	at api.Api.checkServiceStatus(Api.java:41)
	at steps.InteroperabilityStepDefinitions.theSystemIsRunning(InteroperabilityStepDefinitions.java:31)
	at ✽.the system is running(classpath:features/categories_management.feature:8)

Update Flows (Normal, Alternate, Error).Example #1.3 -- Time elapsed: 0.005 s <<< ERROR!
java.lang.RuntimeException: Service is not running at http://localhost:4567. Ensure java -jar runTodoManagerRestAPI-1.5.5.jar is executed.
	at api.Api.fail(Api.java:26)
	at api.Api.checkServiceStatus(Api.java:41)
	at steps.InteroperabilityStepDefinitions.theSystemIsRunning(InteroperabilityStepDefinitions.java:31)
	at ✽.the system is running(classpath:features/categories_management.feature:8)

Update Flows (Normal, Alternate, Error).Example #1.4 -- Time elapsed: 0.005 s <<< ERROR!
java.lang.RuntimeException: Service is not running at http://localhost:4567. Ensure java -jar runTodoManagerRestAPI-1.5.5.jar is executed.
	at api.Api.fail(Api.java:26)
	at api.Api.checkServiceStatus(Api.java:41)
	at steps.InteroperabilityStepDefinitions.theSystemIsRunning(InteroperabilityStepDefinitions.java:31)
	at ✽.the system is running(classpath:features/categories_management.feature:8)

Retrieval Flows (Normal, Alternate, Error).Example #1.1 -- Time elapsed: 0.004 s <<< ERROR!
java.lang.RuntimeException: Service is not running at http://localhost:4567. Ensure java -jar runTodoManagerRestAPI-1.5.5.jar is executed.
	at api.Api.fail(Api.java:26)
	at api.Api.checkServiceStatus(Api.java:41)
	at steps.InteroperabilityStepDefinitions.theSystemIsRunning(InteroperabilityStepDefinitions.java:31)
	at ✽.the system is running(classpath:features/categories_management.feature:8)

Retrieval Flows (Normal, Alternate, Error).Example #1.2 -- Time elapsed: 0.005 s <<< ERROR!
java.lang.RuntimeException: Service is not running at http://localhost:4567. Ensure java -jar runTodoManagerRestAPI-1.5.5.jar is executed.
	at api.Api.fail(Api.java:26)
	at api.Api.checkServiceStatus(Api.java:41)
	at steps.InteroperabilityStepDefinitions.theSystemIsRunning(InteroperabilityStepDefinitions.java:31)
	at ✽.the system is running(classpath:features/categories_management.feature:8)

Retrieval Flows (Normal, Alternate, Error).Example #1.3 -- Time elapsed: 0.004 s <<< ERROR!
java.lang.RuntimeException: Service is not running at http://localhost:4567. Ensure java -jar runTodoManagerRestAPI-1.5.5.jar is executed.
	at api.Api.fail(Api.java:26)
	at api.Api.checkServiceStatus(Api.java:41)
	at steps.InteroperabilityStepDefinitions.theSystemIsRunning(InteroperabilityStepDefinitions.java:31)
	at ✽.the system is running(classpath:features/categories_management.feature:8)

View-One Flows (Normal, Alternate, Error).Example #1.1 -- Time elapsed: 0.006 s <<< ERROR!
java.lang.RuntimeException: Service is not running at http://localhost:4567. Ensure java -jar runTodoManagerRestAPI-1.5.5.jar is executed.
	at api.Api.fail(Api.java:26)
	at api.Api.checkServiceStatus(Api.java:41)
	at steps.InteroperabilityStepDefinitions.theSystemIsRunning(InteroperabilityStepDefinitions.java:31)
	at ✽.the system is running(classpath:features/categories_management.feature:8)

View-One Flows (Normal, Alternate, Error).Example #1.2 -- Time elapsed: 0.010 s <<< ERROR!
java.lang.RuntimeException: Service is not running at http://localhost:4567. Ensure java -jar runTodoManagerRestAPI-1.5.5.jar is executed.
	at api.Api.fail(Api.java:26)
	at api.Api.checkServiceStatus(Api.java:41)
	at steps.InteroperabilityStepDefinitions.theSystemIsRunning(InteroperabilityStepDefinitions.java:31)
	at ✽.the system is running(classpath:features/categories_management.feature:8)

View-One Flows (Normal, Alternate, Error).Example #1.3 -- Time elapsed: 0.005 s <<< ERROR!
java.lang.RuntimeException: Service is not running at http://localhost:4567. Ensure java -jar runTodoManagerRestAPI-1.5.5.jar is executed.
	at api.Api.fail(Api.java:26)
	at api.Api.checkServiceStatus(Api.java:41)
	at steps.InteroperabilityStepDefinitions.theSystemIsRunning(InteroperabilityStepDefinitions.java:31)
	at ✽.the system is running(classpath:features/categories_management.feature:8)

Deletion Flows (Normal, Alternate, Error).Example #1.1 -- Time elapsed: 0.004 s <<< ERROR!
java.lang.RuntimeException: Service is not running at http://localhost:4567. Ensure java -jar runTodoManagerRestAPI-1.5.5.jar is executed.
	at api.Api.fail(Api.java:26)
	at api.Api.checkServiceStatus(Api.java:41)
	at steps.InteroperabilityStepDefinitions.theSystemIsRunning(InteroperabilityStepDefinitions.java:31)
	at ✽.the system is running(classpath:features/categories_management.feature:8)

Deletion Flows (Normal, Alternate, Error).Example #1.2 -- Time elapsed: 0.004 s <<< ERROR!
java.lang.RuntimeException: Service is not running at http://localhost:4567. Ensure java -jar runTodoManagerRestAPI-1.5.5.jar is executed.
	at api.Api.fail(Api.java:26)
	at api.Api.checkServiceStatus(Api.java:41)
	at steps.InteroperabilityStepDefinitions.theSystemIsRunning(InteroperabilityStepDefinitions.java:31)
	at ✽.the system is running(classpath:features/categories_management.feature:8)

Deletion Flows (Normal, Alternate, Error).Example #1.3 -- Time elapsed: 0.004 s <<< ERROR!
java.lang.RuntimeException: Service is not running at http://localhost:4567. Ensure java -jar runTodoManagerRestAPI-1.5.5.jar is executed.
	at api.Api.fail(Api.java:26)
	at api.Api.checkServiceStatus(Api.java:41)
	at steps.InteroperabilityStepDefinitions.theSystemIsRunning(InteroperabilityStepDefinitions.java:31)
	at ✽.the system is running(classpath:features/categories_management.feature:8)

