<?xml version="1.0" encoding="UTF-8"?>
<testsuite xmlns:xsi="http://www.w3.org/2001/XMLSchema-instance" xsi:noNamespaceSchemaLocation="https://maven.apache.org/surefire/maven-surefire-plugin/xsd/surefire-test-report-3.0.xsd" version="3.0" name="runner.TestRunner" time="65.718" tests="61" errors="0" skipped="0" failures="4">
  <properties>
[...]
</properties>
  <testcase name="Example #1.1" classname="Creation Flows (Normal, Alternate, Error)" time="1.822">
    <system-out><![CDATA[
@todo
Scenario Outline: Create a new todo task with optional fields and check for errors   &amp#27;[90m# features/todos_management.feature:27&amp#27;[0m
  &amp#27;[32mGiven &amp#27;[0m&amp#27;[32mthe Rest API Todo List Manager is running&amp#27;[0m                                    &amp#27;[90m# setup.ScenarioHooks.the_rest_api_todo_list_manager_is_running()&amp#27;[0m
  &amp#27;[32mAnd &amp#27;[0m&amp#27;[32mmy list of tasks, projects and categories is cleared to start fresh&amp#27;[0m            &amp#27;[90m# setup.ScenarioHooks.the_system_is_initialized_with_an_empty_todo_list()&amp#27;[0m
  &amp#27;[32mWhen &amp#27;[0m&amp#27;[32mI send a request to create a task with these details:&amp#27;[0m                         &amp#27;[90m# steps.TodoStepDefinitions.i_send_a_request_to_create_a_task_with_these_details(io.cucumber.datatable.DataTable)&amp#27;[0m
    | title        | description        | doneStatus |
    | Full testing | Full testing task. | false      |
  &amp#27;[32mThen &amp#27;[0m&amp#27;[32mthe response status code is &amp#27;[0m&amp#27;[32m&amp#27;[1m"201"&amp#27;[0m                                             &amp#27;[90m# steps.CommonStepDefinitions.the_response_status_code_is_string(java.lang.String)&amp#27;[0m
  &amp#27;[32mAnd &amp#27;[0m&amp#27;[32mthe saved task should show field &amp#27;[0m&amp#27;[32m&amp#27;[1m"title"&amp#27;[0m&amp#27;[32m with value &amp#27;[0m&amp#27;[32m&amp#27;[1m"Full testing"&amp#27;[0m             &amp#27;[90m# steps.TodoStepDefinitions.the_saved_task_should_show_field_with_value(java.lang.String,java.lang.String)&amp#27;[0m
  &amp#27;[32mAnd &amp#27;[0m&amp#27;[32mthe saved task should show field &amp#27;[0m&amp#27;[32m&amp#27;[1m"description"&amp#27;[0m&amp#27;[32m with value &amp#27;[0m&amp#27;[32m&amp#27;[1m"Full testing task."&amp#27;[0m &amp#27;[90m# steps.TodoStepDefinitions.the_saved_task_should_show_field_with_value(java.lang.String,java.lang.String)&amp#27;[0m
  &amp#27;[32mAnd &amp#27;[0m&amp#27;[32mthe saved task should show field &amp#27;[0m&amp#27;[32m&amp#27;[1m"doneStatus"&amp#27;[0m&amp#27;[32m with value &amp#27;[0m&amp#27;[32m&amp#27;[1m"false"&amp#27;[0m               &amp#27;[90m# steps.TodoStepDefinitions.the_saved_task_should_show_field_with_value(java.lang.String,java.lang.String)&amp#27;[0m
  &amp#27;[32mAnd &amp#27;[0m&amp#27;[32mthe system should tell me if there was an error: &amp#27;[0m&amp#27;[32m&amp#27;[1m""&amp#27;[0m                            &amp#27;[90m# steps.CommonStepDefinitions.the_system_should_tell_me_if_there_was_an_error(java.lang.String)&amp#27;[0m
]]></system-out>
  </testcase>
  <testcase name="Example #1.1" classname="Creation Flows (Normal, Alternate, Error)" time="1.045">
    <system-out><![CDATA[
@projects @project_create
Scenario Outline: Create a new project with optional fields and check for errors             &amp#27;[90m# features/projects_management.feature:28&amp#27;[0m
  &amp#27;[32mGiven &amp#27;[0m&amp#27;[32mthe Rest API Todo List Manager is running&amp#27;[0m                                            &amp#27;[90m# setup.ScenarioHooks.the_rest_api_todo_list_manager_is_running()&amp#27;[0m
  &amp#27;[32mAnd &amp#27;[0m&amp#27;[32mmy list of tasks, projects and categories is cleared to start fresh&amp#27;[0m                    &amp#27;[90m# setup.ScenarioHooks.the_system_is_initialized_with_an_empty_todo_list()&amp#27;[0m
  &amp#27;[32mWhen &amp#27;[0m&amp#27;[32mI send a request to create a project with these details:&amp#27;[0m                              &amp#27;[90m# steps.ProjectsStepDefinitions.i_send_a_request_to_create_a_project_with_these_details(io.cucumber.datatable.DataTable)&amp#27;[0m
    | title          | description           | active |
    | Finish ECSE429 | Complete Part B and C | true   |
  &amp#27;[32mThen &amp#27;[0m&amp#27;[32mthe response status code is &amp#27;[0m&amp#27;[32m&amp#27;[1m"201"&amp#27;[0m                                                     &amp#27;[90m# steps.CommonStepDefinitions.the_response_status_code_is_string(java.lang.String)&amp#27;[0m
  &amp#27;[32mAnd &amp#27;[0m&amp#27;[32mthe project details should show field &amp#27;[0m&amp#27;[32m&amp#27;[1m"title"&amp#27;[0m&amp#27;[32m with value &amp#27;[0m&amp#27;[32m&amp#27;[1m"Finish ECSE429"&amp#27;[0m              &amp#27;[90m# steps.ProjectsStepDefinitions.the_project_details_should_show_field_with_value(java.lang.String,java.lang.String)&amp#27;[0m
  &amp#27;[32mAnd &amp#27;[0m&amp#27;[32mthe project details should show field &amp#27;[0m&amp#27;[32m&amp#27;[1m"description"&amp#27;[0m&amp#27;[32m with value &amp#27;[0m&amp#27;[32m&amp#27;[1m"Complete Part B and C"&amp#27;[0m &amp#27;[90m# steps.ProjectsStepDefinitions.the_project_details_should_show_field_with_value(java.lang.String,java.lang.String)&amp#27;[0m
  &amp#27;[32mAnd &amp#27;[0m&amp#27;[32mthe project details should show field &amp#27;[0m&amp#27;[32m&amp#27;[1m"active"&amp#27;[0m&amp#27;[32m with value &amp#27;[0m&amp#27;[32m&amp#27;[1m"true"&amp#27;[0m                       &amp#27;[90m# steps.ProjectsStepDefinitions.the_project_details_should_show_field_with_value(java.lang.String,java.lang.String)&amp#27;[0m
  &amp#27;[32mAnd &amp#27;[0m&amp#27;[32mthe system should tell me if there was an error: &amp#27;[0m&amp#27;[32m&amp#27;[1m""&amp#27;[0m                                    &amp#27;[90m# steps.CommonStepDefinitions.the_system_should_tell_me_if_there_was_an_error(java.lang.String)&amp#27;[0m
]]></system-out>
  </testcase>
  <testcase name="Example #1.1" classname="Creation Flows (Normal, Alternate, Error)" time="1.045">
    <system-out><![CDATA[
@categories @category_create
Scenario Outline: Create a new category                                            &amp#27;[90m# features/categories_management.feature:25&amp#27;[0m
  &amp#27;[32mGiven &amp#27;[0m&amp#27;[32mthe system is running&amp#27;[0m                                                      &amp#27;[90m# steps.InteroperabilityStepDefinitions.theSystemIsRunning()&amp#27;[0m
  &amp#27;[32mAnd &amp#27;[0m&amp#27;[32mmy list of categories is cleared to start fresh&amp#27;[0m                              &amp#27;[90m# steps.CategoryStepDefinitions.my_list_of_categories_is_cleared_to_start_fresh()&amp#27;[0m
  &amp#27;[32mWhen &amp#27;[0m&amp#27;[32mI send a request to create a category with these details:&amp#27;[0m                   &amp#27;[90m# steps.CategoryStepDefinitions.i_send_a_request_to_create_a_category_with_these_details(io.cucumber.datatable.DataTable)&amp#27;[0m
    | title | description  |
    | Work  | Office tasks |
  &amp#27;[32mThen &amp#27;[0m&amp#27;[32mthe response status code is &amp#27;[0m&amp#27;[32m&amp#27;[1m"201"&amp#27;[0m                                           &amp#27;[90m# steps.CommonStepDefinitions.the_response_status_code_is_string(java.lang.String)&amp#27;[0m
  &amp#27;[32mAnd &amp#27;[0m&amp#27;[32mthe saved category should show field &amp#27;[0m&amp#27;[32m&amp#27;[1m"title"&amp#27;[0m&amp#27;[32m with value &amp#27;[0m&amp#27;[32m&amp#27;[1m"Work"&amp#27;[0m               &amp#27;[90m# steps.CategoryStepDefinitions.the_saved_category_should_show_field_with_value(java.lang.String,java.lang.String)&amp#27;[0m
  &amp#27;[32mAnd &amp#27;[0m&amp#27;[32mthe saved category should show field &amp#27;[0m&amp#27;[32m&amp#27;[1m"description"&amp#27;[0m&amp#27;[32m with value &amp#27;[0m&amp#27;[32m&amp#27;[1m"Office tasks"&amp#27;[0m &amp#27;[90m# steps.CategoryStepDefinitions.the_saved_category_should_show_field_with_value(java.lang.String,java.lang.String)&amp#27;[0m
  &amp#27;[32mAnd &amp#27;[0m&amp#27;[32mthe system should tell me if there was an error: &amp#27;[0m&amp#27;[32m&amp#27;[1m""&amp#27;[0m                          &amp#27;[90m# steps.CommonStepDefinitions.the_system_should_tell_me_if_there_was_an_error(java.lang.String)&amp#27;[0m
]]></system-out>
  </testcase>
  <testcase name="Example #1.2" classname="Creation Flows (Normal, Alternate, Error)" time="1.089">
    <system-out><![CDATA[
@todo
Scenario Outline: Create a new todo task with optional fields and check for errors &amp#27;[90m# features/todos_management.feature:29&amp#27;[0m
  &amp#27;[32mGiven &amp#27;[0m&amp#27;[32mthe Rest API Todo List Manager is running&amp#27;[0m                                  &amp#27;[90m# setup.ScenarioHooks.the_rest_api_todo_list_manager_is_running()&amp#27;[0m
  &amp#27;[32mAnd &amp#27;[0m&amp#27;[32mmy list of tasks, projects and categories is cleared to start fresh&amp#27;[0m          &amp#27;[90m# setup.ScenarioHooks.the_system_is_initialized_with_an_empty_todo_list()&amp#27;[0m
  &amp#27;[32mWhen &amp#27;[0m&amp#27;[32mI send a request to create a task with these details:&amp#27;[0m                       &amp#27;[90m# steps.TodoStepDefinitions.i_send_a_request_to_create_a_task_with_these_details(io.cucumber.datatable.DataTable)&amp#27;[0m
    | title      | description | doneStatus |
    | Quick task | [empty]     | true       |
  &amp#27;[32mThen &amp#27;[0m&amp#27;[32mthe response status code is &amp#27;[0m&amp#27;[32m&amp#27;[1m"201"&amp#27;[0m                                           &amp#27;[90m# steps.CommonStepDefinitions.the_response_status_code_is_string(java.lang.String)&amp#27;[0m
  &amp#27;[32mAnd &amp#27;[0m&amp#27;[32mthe saved task should show field &amp#27;[0m&amp#27;[32m&amp#27;[1m"title"&amp#27;[0m&amp#27;[32m with value &amp#27;[0m&amp#27;[32m&amp#27;[1m"Quick task"&amp#27;[0m             &amp#27;[90m# steps.TodoStepDefinitions.the_saved_task_should_show_field_with_value(java.lang.String,java.lang.String)&amp#27;[0m
  &amp#27;[32mAnd &amp#27;[0m&amp#27;[32mthe saved task should show field &amp#27;[0m&amp#27;[32m&amp#27;[1m"description"&amp#27;[0m&amp#27;[32m with value &amp#27;[0m&amp#27;[32m&amp#27;[1m""&amp#27;[0m                 &amp#27;[90m# steps.TodoStepDefinitions.the_saved_task_should_show_field_with_value(java.lang.String,java.lang.String)&amp#27;[0m
  &amp#27;[32mAnd &amp#27;[0m&amp#27;[32mthe saved task should show field &amp#27;[0m&amp#27;[32m&amp#27;[1m"doneStatus"&amp#27;[0m&amp#27;[32m with value &amp#27;[0m&amp#27;[32m&amp#27;[1m"true"&amp#27;[0m              &amp#27;[90m# steps.TodoStepDefinitions.the_saved_task_should_show_field_with_value(java.lang.String,java.lang.String)&amp#27;[0m
  &amp#27;[32mAnd &amp#27;[0m&amp#27;[32mthe system should tell me if there was an error: &amp#27;[0m&amp#27;[32m&amp#27;[1m""&amp#27;[0m                          &amp#27;[90m# steps.CommonStepDefinitions.the_system_should_tell_me_if_there_was_an_error(java.lang.String)&amp#27;[0m
]]></system-out>
  </testcase>
  <testcase name="Example #1.2" classname="Creation Flows (Normal, Alternate, Error)" time="1.042">
    <system-out><![CDATA[
@projects @project_create
Scenario Outline: Create a new project with optional fields and check for errors &amp#27;[90m# features/projects_management.feature:30&amp#27;[0m
  &amp#27;[32mGiven &amp#27;[0m&amp#27;[32mthe Rest API Todo List Manager is running&amp#27;[0m                                &amp#27;[90m# setup.ScenarioHooks.the_rest_api_todo_list_manager_is_running()&amp#27;[0m
  &amp#27;[32mAnd &amp#27;[0m&amp#27;[32mmy list of tasks, projects and categories is cleared to start fresh&amp#27;[0m        &amp#27;[90m# setup.ScenarioHooks.the_system_is_initialized_with_an_empty_todo_list()&amp#27;[0m
  &amp#27;[32mWhen &amp#27;[0m&amp#27;[32mI send a request to create a project with these details:&amp#27;[0m                  &amp#27;[90m# steps.ProjectsStepDefinitions.i_send_a_request_to_create_a_project_with_these_details(io.cucumber.datatable.DataTable)&amp#27;[0m
    | title       | description | active  |
    | New Project | [empty]     | [empty] |
  &amp#27;[32mThen &amp#27;[0m&amp#27;[32mthe response status code is &amp#27;[0m&amp#27;[32m&amp#27;[1m"201"&amp#27;[0m                                         &amp#27;[90m# steps.CommonStepDefinitions.the_response_status_code_is_string(java.lang.String)&amp#27;[0m
  &amp#27;[32mAnd &amp#27;[0m&amp#27;[32mthe project details should show field &amp#27;[0m&amp#27;[32m&amp#27;[1m"title"&amp#27;[0m&amp#27;[32m with value &amp#27;[0m&amp#27;[32m&amp#27;[1m"New Project"&amp#27;[0m     &amp#27;[90m# steps.ProjectsStepDefinitions.the_project_details_should_show_field_with_value(java.lang.String,java.lang.String)&amp#27;[0m
  &amp#27;[32mAnd &amp#27;[0m&amp#27;[32mthe project details should show field &amp#27;[0m&amp#27;[32m&amp#27;[1m"description"&amp#27;[0m&amp#27;[32m with value &amp#27;[0m&amp#27;[32m&amp#27;[1m""&amp#27;[0m          &amp#27;[90m# steps.ProjectsStepDefinitions.the_project_details_should_show_field_with_value(java.lang.String,java.lang.String)&amp#27;[0m
  &amp#27;[32mAnd &amp#27;[0m&amp#27;[32mthe project details should show field &amp#27;[0m&amp#27;[32m&amp#27;[1m"active"&amp#27;[0m&amp#27;[32m with value &amp#27;[0m&amp#27;[32m&amp#27;[1m"false"&amp#27;[0m          &amp#27;[90m# steps.ProjectsStepDefinitions.the_project_details_should_show_field_with_value(java.lang.String,java.lang.String)&amp#27;[0m
  &amp#27;[32mAnd &amp#27;[0m&amp#27;[32mthe system should tell me if there was an error: &amp#27;[0m&amp#27;[32m&amp#27;[1m""&amp#27;[0m                        &amp#27;[90m# steps.CommonStepDefinitions.the_system_should_tell_me_if_there_was_an_error(java.lang.String)&amp#27;[0m
]]></system-out>
  </testcase>
  <testcase name="Example #1.2" classname="Creation Flows (Normal, Alternate, Error)" time="1.032">
    <system-out><![CDATA[
@categories @category_create
Scenario Outline: Create a new category                                  &amp#27;[90m# features/categories_management.feature:26&amp#27;[0m
  &amp#27;[32mGiven &amp#27;[0m&amp#27;[32mthe system is running&amp#27;[0m                                            &amp#27;[90m# steps.InteroperabilityStepDefinitions.theSystemIsRunning()&amp#27;[0m
  &amp#27;[32mAnd &amp#27;[0m&amp#27;[32mmy list of categories is cleared to start fresh&amp#27;[0m                    &amp#27;[90m# steps.CategoryStepDefinitions.my_list_of_categories_is_cleared_to_start_fresh()&amp#27;[0m
  &amp#27;[32mWhen &amp#27;[0m&amp#27;[32mI send a request to create a category with these details:&amp#27;[0m         &amp#27;[90m# steps.CategoryStepDefinitions.i_send_a_request_to_create_a_category_with_these_details(io.cucumber.datatable.DataTable)&amp#27;[0m
    | title    | description |
    | Personal | [empty]     |
  &amp#27;[32mThen &amp#27;[0m&amp#27;[32mthe response status code is &amp#27;[0m&amp#27;[32m&amp#27;[1m"201"&amp#27;[0m                                 &amp#27;[90m# steps.CommonStepDefinitions.the_response_status_code_is_string(java.lang.String)&amp#27;[0m
  &amp#27;[32mAnd &amp#27;[0m&amp#27;[32mthe saved category should show field &amp#27;[0m&amp#27;[32m&amp#27;[1m"title"&amp#27;[0m&amp#27;[32m with value &amp#27;[0m&amp#27;[32m&amp#27;[1m"Personal"&amp#27;[0m &amp#27;[90m# steps.CategoryStepDefinitions.the_saved_category_should_show_field_with_value(java.lang.String,java.lang.String)&amp#27;[0m
  &amp#27;[32mAnd &amp#27;[0m&amp#27;[32mthe saved category should show field &amp#27;[0m&amp#27;[32m&amp#27;[1m"description"&amp#27;[0m&amp#27;[32m with value &amp#27;[0m&amp#27;[32m&amp#27;[1m""&amp#27;[0m   &amp#27;[90m# steps.CategoryStepDefinitions.the_saved_category_should_show_field_with_value(java.lang.String,java.lang.String)&amp#27;[0m
  &amp#27;[32mAnd &amp#27;[0m&amp#27;[32mthe system should tell me if there was an error: &amp#27;[0m&amp#27;[32m&amp#27;[1m""&amp#27;[0m                &amp#27;[90m# steps.CommonStepDefinitions.the_system_should_tell_me_if_there_was_an_error(java.lang.String)&amp#27;[0m
]]></system-out>
  </testcase>
  <testcase name="Example #1.3" classname="Creation Flows (Normal, Alternate, Error)" time="1.063">
    <system-out><![CDATA[
@todo
Scenario Outline: Create a new todo task with optional fields and check for errors  &amp#27;[90m# features/todos_management.feature:31&amp#27;[0m
  &amp#27;[32mGiven &amp#27;[0m&amp#27;[32mthe Rest API Todo List Manager is running&amp#27;[0m                                   &amp#27;[90m# setup.ScenarioHooks.the_rest_api_todo_list_manager_is_running()&amp#27;[0m
  &amp#27;[32mAnd &amp#27;[0m&amp#27;[32mmy list of tasks, projects and categories is cleared to start fresh&amp#27;[0m           &amp#27;[90m# setup.ScenarioHooks.the_system_is_initialized_with_an_empty_todo_list()&amp#27;[0m
  &amp#27;[32mWhen &amp#27;[0m&amp#27;[32mI send a request to create a task with these details:&amp#27;[0m                        &amp#27;[90m# steps.TodoStepDefinitions.i_send_a_request_to_create_a_task_with_these_details(io.cucumber.datatable.DataTable)&amp#27;[0m
    | title   | description        | doneStatus |
    | [empty] | No title provided. | false      |
  &amp#27;[32mThen &amp#27;[0m&amp#27;[32mthe response status code is &amp#27;[0m&amp#27;[32m&amp#27;[1m"400"&amp#27;[0m                                            &amp#27;[90m# steps.CommonStepDefinitions.the_response_status_code_is_string(java.lang.String)&amp#27;[0m
  &amp#27;[32mAnd &amp#27;[0m&amp#27;[32mthe saved task should show field &amp#27;[0m&amp#27;[32m&amp#27;[1m"title"&amp#27;[0m&amp#27;[32m with value &amp#27;[0m&amp#27;[32m&amp#27;[1m""&amp#27;[0m                        &amp#27;[90m# steps.TodoStepDefinitions.the_saved_task_should_show_field_with_value(java.lang.String,java.lang.String)&amp#27;[0m
  &amp#27;[32mAnd &amp#27;[0m&amp#27;[32mthe saved task should show field &amp#27;[0m&amp#27;[32m&amp#27;[1m"description"&amp#27;[0m&amp#27;[32m with value &amp#27;[0m&amp#27;[32m&amp#27;[1m""&amp#27;[0m                  &amp#27;[90m# steps.TodoStepDefinitions.the_saved_task_should_show_field_with_value(java.lang.String,java.lang.String)&amp#27;[0m
  &amp#27;[32mAnd &amp#27;[0m&amp#27;[32mthe saved task should show field &amp#27;[0m&amp#27;[32m&amp#27;[1m"doneStatus"&amp#27;[0m&amp#27;[32m with value &amp#27;[0m&amp#27;[32m&amp#27;[1m""&amp#27;[0m                   &amp#27;[90m# steps.TodoStepDefinitions.the_saved_task_should_show_field_with_value(java.lang.String,java.lang.String)&amp#27;[0m
  &amp#27;[32mAnd &amp#27;[0m&amp#27;[32mthe system should tell me if there was an error: &amp#27;[0m&amp#27;[32m&amp#27;[1m"title : field is mandatory"&amp#27;[0m &amp#27;[90m# steps.CommonStepDefinitions.the_system_should_tell_me_if_there_was_an_error(java.lang.String)&amp#27;[0m
]]></system-out>
  </testcase>
  <testcase name="Example #1.3" classname="Creation Flows (Normal, Alternate, Error)" time="1.03">
    <failure message="Expected status code 400 but got 201. Response body: {&quot;id&quot;:&quot;2&quot;,&quot;title&quot;:&quot;&quot;,&quot;completed&quot;:&quot;false&quot;,&quot;active&quot;:&quot;false&quot;,&quot;description&quot;:&quot;&quot;} ==&gt; expected: &lt;400&gt; but was: &lt;201&gt;" type="org.opentest4j.AssertionFailedError"><![CDATA[org.opentest4j.AssertionFailedError: Expected status code 400 but got 201. Response body: {"id":"2","title":"","completed":"false","active":"false","description":""} ==> expected: <400> but was: <201>
	at steps.CommonStepDefinitions.the_response_status_code_is_string(CommonStepDefinitions.java:40)
	at ✽.the response status code is "400"(classpath:features/projects_management.feature:19)
]]></failure>
    <system-out><![CDATA[
@projects @project_create
Scenario Outline: Create a new project with optional fields and check for errors &amp#27;[90m# features/projects_management.feature:32&amp#27;[0m
  &amp#27;[32mGiven &amp#27;[0m&amp#27;[32mthe Rest API Todo List Manager is running&amp#27;[0m                                &amp#27;[90m# setup.ScenarioHooks.the_rest_api_todo_list_manager_is_running()&amp#27;[0m
  &amp#27;[32mAnd &amp#27;[0m&amp#27;[32mmy list of tasks, projects and categories is cleared to start fresh&amp#27;[0m        &amp#27;[90m# setup.ScenarioHooks.the_system_is_initialized_with_an_empty_todo_list()&amp#27;[0m
  &amp#27;[32mWhen &amp#27;[0m&amp#27;[32mI send a request to create a project with these details:&amp#27;[0m                  &amp#27;[90m# steps.ProjectsStepDefinitions.i_send_a_request_to_create_a_project_with_these_details(io.cucumber.datatable.DataTable)&amp#27;[0m
    | title   | description | active |
    | [empty] | [empty]     | maybe  |
  &amp#27;[31mThen &amp#27;[0m&amp#27;[31mthe response status code is &amp#27;[0m&amp#27;[31m&amp#27;[1m"400"&amp#27;[0m                                         &amp#27;[90m# steps.CommonStepDefinitions.the_response_status_code_is_string(java.lang.String)&amp#27;[0m
      &amp#27;[31morg.opentest4j.AssertionFailedError: Expected status code 400 but got 201. Response body: {"id":"2","title":"","completed":"false","active":"false","description":""} ==> expected: <400> but was: <201>
	at org.junit.jupiter.api.AssertionFailureBuilder.build(AssertionFailureBuilder.java:151)
	at org.junit.jupiter.api.AssertionFailureBuilder.buildAndThrow(AssertionFailureBuilder.java:132)
	at org.junit.jupiter.api.AssertEquals.failNotEqual(AssertEquals.java:197)
	at org.junit.jupiter.api.AssertEquals.assertEquals(AssertEquals.java:150)
	at org.junit.jupiter.api.Assertions.assertEquals(Assertions.java:563)
	at steps.CommonStepDefinitions.the_response_status_code_is_string(CommonStepDefinitions.java:40)
	at ✽.the response status code is "400"(classpath:features/projects_management.feature:19)
&amp#27;[0m
  &amp#27;[36mAnd &amp#27;[0m&amp#27;[36mthe project details should show field &amp#27;[0m&amp#27;[36m&amp#27;[1m"title"&amp#27;[0m&amp#27;[36m with value &amp#27;[0m&amp#27;[36m&amp#27;[1m""&amp#27;[0m                &amp#27;[90m# steps.ProjectsStepDefinitions.the_project_details_should_show_field_with_value(java.lang.String,java.lang.String)&amp#27;[0m
  &amp#27;[36mAnd &amp#27;[0m&amp#27;[36mthe project details should show field &amp#27;[0m&amp#27;[36m&amp#27;[1m"description"&amp#27;[0m&amp#27;[36m with value &amp#27;[0m&amp#27;[36m&amp#27;[1m""&amp#27;[0m          &amp#27;[90m# steps.ProjectsStepDefinitions.the_project_details_should_show_field_with_value(java.lang.String,java.lang.String)&amp#27;[0m
  &amp#27;[36mAnd &amp#27;[0m&amp#27;[36mthe project details should show field &amp#27;[0m&amp#27;[36m&amp#27;[1m"active"&amp#27;[0m&amp#27;[36m with value &amp#27;[0m&amp#27;[36m&amp#27;[1m""&amp#27;[0m               &amp#27;[90m# steps.ProjectsStepDefinitions.the_project_details_should_show_field_with_value(java.lang.String,java.lang.String)&amp#27;[0m
  &amp#27;[36mAnd &amp#27;[0m&amp#27;[36mthe system should tell me if there was an error: &amp#27;[0m&amp#27;[36m&amp#27;[1m""&amp#27;[0m                        &amp#27;[90m# steps.CommonStepDefinitions.the_system_should_tell_me_if_there_was_an_error(java.lang.String)&amp#27;[0m
]]></system-out>
  </testcase>
  <testcase name="Example #1.3" classname="Creation Flows (Normal, Alternate, Error)" time="1.037">
    <system-out><![CDATA[
@categories @category_create
Scenario Outline: Create a new category                                             &amp#27;[90m# features/categories_management.feature:27&amp#27;[0m
  &amp#27;[32mGiven &amp#27;[0m&amp#27;[32mthe system is running&amp#27;[0m                                                       &amp#27;[90m# steps.InteroperabilityStepDefinitions.theSystemIsRunning()&amp#27;[0m
  &amp#27;[32mAnd &amp#27;[0m&amp#27;[32mmy list of categories is cleared to start fresh&amp#27;[0m                               &amp#27;[90m# steps.CategoryStepDefinitions.my_list_of_categories_is_cleared_to_start_fresh()&amp#27;[0m
  &amp#27;[32mWhen &amp#27;[0m&amp#27;[32mI send a request to create a category with these details:&amp#27;[0m                    &amp#27;[90m# steps.CategoryStepDefinitions.i_send_a_request_to_create_a_category_with_these_details(io.cucumber.datatable.DataTable)&amp#27;[0m
    | title   | description        |
    | [empty] | Missing title test |
  &amp#27;[32mThen &amp#27;[0m&amp#27;[32mthe response status code is &amp#27;[0m&amp#27;[32m&amp#27;[1m"400"&amp#27;[0m                                            &amp#27;[90m# steps.CommonStepDefinitions.the_response_status_code_is_string(java.lang.String)&amp#27;[0m
  &amp#27;[32mAnd &amp#27;[0m&amp#27;[32mthe saved category should show field &amp#27;[0m&amp#27;[32m&amp#27;[1m"title"&amp#27;[0m&amp#27;[32m with value &amp#27;[0m&amp#27;[32m&amp#27;[1m""&amp#27;[0m                    &amp#27;[90m# steps.CategoryStepDefinitions.the_saved_category_should_show_field_with_value(java.lang.String,java.lang.String)&amp#27;[0m
  &amp#27;[32mAnd &amp#27;[0m&amp#27;[32mthe saved category should show field &amp#27;[0m&amp#27;[32m&amp#27;[1m"description"&amp#27;[0m&amp#27;[32m with value &amp#27;[0m&amp#27;[32m&amp#27;[1m""&amp#27;[0m              &amp#27;[90m# steps.CategoryStepDefinitions.the_saved_category_should_show_field_with_value(java.lang.String,java.lang.String)&amp#27;[0m
  &amp#27;[32mAnd &amp#27;[0m&amp#27;[32mthe system should tell me if there was an error: &amp#27;[0m&amp#27;[32m&amp#27;[1m"title : field is mandatory"&amp#27;[0m &amp#27;[90m# steps.CommonStepDefinitions.the_system_should_tell_me_if_there_was_an_error(java.lang.String)&amp#27;[0m
]]></system-out>
  </testcase>
  <testcase name="Example #1.1" classname="Partial Update Flows (Normal, Alternate, Error)" time="1.077">
    <system-out><![CDATA[
@todo
Scenario Outline: Update an existing todo's doneStatus and/or description                                        &amp#27;[90m# features/todos_management.feature:54&amp#27;[0m
  &amp#27;[32mGiven &amp#27;[0m&amp#27;[32mthe Rest API Todo List Manager is running&amp#27;[0m                                                                &amp#27;[90m# setup.ScenarioHooks.the_rest_api_todo_list_manager_is_running()&amp#27;[0m
  &amp#27;[32mAnd &amp#27;[0m&amp#27;[32mmy list of tasks, projects and categories is cleared to start fresh&amp#27;[0m                                        &amp#27;[90m# setup.ScenarioHooks.the_system_is_initialized_with_an_empty_todo_list()&amp#27;[0m
  &amp#27;[32mGiven &amp#27;[0m&amp#27;[32ma todo item exists with title &amp#27;[0m&amp#27;[32m&amp#27;[1m"POST Target Task"&amp#27;[0m&amp#27;[32m, description &amp#27;[0m&amp#27;[32m&amp#27;[1m"Original Content"&amp#27;[0m&amp#27;[32m, and doneStatus &amp#27;[0m&amp#27;[32m&amp#27;[1m"false"&amp#27;[0m &amp#27;[90m# steps.TodoStepDefinitions.a_todo_exists_with_title_description_and_doneStatus(java.lang.String,java.lang.String,java.lang.String)&amp#27;[0m
  &amp#27;[32mAnd &amp#27;[0m&amp#27;[32mits ID is stored as &amp#27;[0m&amp#27;[32m&amp#27;[1m"target_todo_id"&amp#27;[0m                                                                       &amp#27;[90m# steps.CommonStepDefinitions.its_id_is_stored_as(java.lang.String)&amp#27;[0m
  &amp#27;[32mWhen &amp#27;[0m&amp#27;[32mI send a request to update task &amp#27;[0m&amp#27;[32m&amp#27;[1m"target_todo_id"&amp#27;[0m&amp#27;[32m with body:&amp#27;[0m                                               &amp#27;[90m# steps.TodoStepDefinitions.i_send_a_request_to_update_task_with_body(java.lang.String,io.cucumber.datatable.DataTable)&amp#27;[0m
    | description | doneStatus |
    | [empty]     | true       |
  &amp#27;[32mThen &amp#27;[0m&amp#27;[32mthe response status code is &amp#27;[0m&amp#27;[32m&amp#27;[1m"200"&amp#27;[0m                                                                         &amp#27;[90m# steps.CommonStepDefinitions.the_response_status_code_is_string(java.lang.String)&amp#27;[0m
  &amp#27;[32mAnd &amp#27;[0m&amp#27;[32mthe saved task should show field &amp#27;[0m&amp#27;[32m&amp#27;[1m"title"&amp#27;[0m&amp#27;[32m with value &amp#27;[0m&amp#27;[32m&amp#27;[1m"POST Target Task"&amp#27;[0m                                     &amp#27;[90m# steps.TodoStepDefinitions.the_saved_task_should_show_field_with_value(java.lang.String,java.lang.String)&amp#27;[0m
  &amp#27;[32mAnd &amp#27;[0m&amp#27;[32mthe saved task should show field &amp#27;[0m&amp#27;[32m&amp#27;[1m"description"&amp#27;[0m&amp#27;[32m with value &amp#27;[0m&amp#27;[32m&amp#27;[1m"Original Content"&amp#27;[0m                               &amp#27;[90m# steps.TodoStepDefinitions.the_saved_task_should_show_field_with_value(java.lang.String,java.lang.String)&amp#27;[0m
  &amp#27;[32mAnd &amp#27;[0m&amp#27;[32mthe saved task should show field &amp#27;[0m&amp#27;[32m&amp#27;[1m"doneStatus"&amp#27;[0m&amp#27;[32m with value &amp#27;[0m&amp#27;[32m&amp#27;[1m"true"&amp#27;[0m                                            &amp#27;[90m# steps.TodoStepDefinitions.the_saved_task_should_show_field_with_value(java.lang.String,java.lang.String)&amp#27;[0m
  &amp#27;[32mAnd &amp#27;[0m&amp#27;[32mthe system should tell me if there was an error: &amp#27;[0m&amp#27;[32m&amp#27;[1m""&amp#27;[0m                                                        &amp#27;[90m# steps.CommonStepDefinitions.the_system_should_tell_me_if_there_was_an_error(java.lang.String)&amp#27;[0m
]]></system-out>
  </testcase>
  <testcase name="Example #1.2" classname="Partial Update Flows (Normal, Alternate, Error)" time="1.064">
    <system-out><![CDATA[
@todo
Scenario Outline: Update an existing todo's doneStatus and/or description                                        &amp#27;[90m# features/todos_management.feature:56&amp#27;[0m
  &amp#27;[32mGiven &amp#27;[0m&amp#27;[32mthe Rest API Todo List Manager is running&amp#27;[0m                                                                &amp#27;[90m# setup.ScenarioHooks.the_rest_api_todo_list_manager_is_running()&amp#27;[0m
  &amp#27;[32mAnd &amp#27;[0m&amp#27;[32mmy list of tasks, projects and categories is cleared to start fresh&amp#27;[0m                                        &amp#27;[90m# setup.ScenarioHooks.the_system_is_initialized_with_an_empty_todo_list()&amp#27;[0m
  &amp#27;[32mGiven &amp#27;[0m&amp#27;[32ma todo item exists with title &amp#27;[0m&amp#27;[32m&amp#27;[1m"POST Target Task"&amp#27;[0m&amp#27;[32m, description &amp#27;[0m&amp#27;[32m&amp#27;[1m"Original Content"&amp#27;[0m&amp#27;[32m, and doneStatus &amp#27;[0m&amp#27;[32m&amp#27;[1m"false"&amp#27;[0m &amp#27;[90m# steps.TodoStepDefinitions.a_todo_exists_with_title_description_and_doneStatus(java.lang.String,java.lang.String,java.lang.String)&amp#27;[0m
  &amp#27;[32mAnd &amp#27;[0m&amp#27;[32mits ID is stored as &amp#27;[0m&amp#27;[32m&amp#27;[1m"target_todo_id"&amp#27;[0m                                                                       &amp#27;[90m# steps.CommonStepDefinitions.its_id_is_stored_as(java.lang.String)&amp#27;[0m
  &amp#27;[32mWhen &amp#27;[0m&amp#27;[32mI send a request to update task &amp#27;[0m&amp#27;[32m&amp#27;[1m"target_todo_id"&amp#27;[0m&amp#27;[32m with body:&amp#27;[0m                                               &amp#27;[90m# steps.TodoStepDefinitions.i_send_a_request_to_update_task_with_body(java.lang.String,io.cucumber.datatable.DataTable)&amp#27;[0m
    | description         | doneStatus |
    | Updated description | false      |
  &amp#27;[32mThen &amp#27;[0m&amp#27;[32mthe response status code is &amp#27;[0m&amp#27;[32m&amp#27;[1m"200"&amp#27;[0m                                                                         &amp#27;[90m# steps.CommonStepDefinitions.the_response_status_code_is_string(java.lang.String)&amp#27;[0m
  &amp#27;[32mAnd &amp#27;[0m&amp#27;[32mthe saved task should show field &amp#27;[0m&amp#27;[32m&amp#27;[1m"title"&amp#27;[0m&amp#27;[32m with value &amp#27;[0m&amp#27;[32m&amp#27;[1m"POST Target Task"&amp#27;[0m                                     &amp#27;[90m# steps.TodoStepDefinitions.the_saved_task_should_show_field_with_value(java.lang.String,java.lang.String)&amp#27;[0m
  &amp#27;[32mAnd &amp#27;[0m&amp#27;[32mthe saved task should show field &amp#27;[0m&amp#27;[32m&amp#27;[1m"description"&amp#27;[0m&amp#27;[32m with value &amp#27;[0m&amp#27;[32m&amp#27;[1m"Updated description"&amp#27;[0m                            &amp#27;[90m# steps.TodoStepDefinitions.the_saved_task_should_show_field_with_value(java.lang.String,java.lang.String)&amp#27;[0m
  &amp#27;[32mAnd &amp#27;[0m&amp#27;[32mthe saved task should show field &amp#27;[0m&amp#27;[32m&amp#27;[1m"doneStatus"&amp#27;[0m&amp#27;[32m with value &amp#27;[0m&amp#27;[32m&amp#27;[1m"false"&amp#27;[0m                                           &amp#27;[90m# steps.TodoStepDefinitions.the_saved_task_should_show_field_with_value(java.lang.String,java.lang.String)&amp#27;[0m
  &amp#27;[32mAnd &amp#27;[0m&amp#27;[32mthe system should tell me if there was an error: &amp#27;[0m&amp#27;[32m&amp#27;[1m""&amp#27;[0m                                                        &amp#27;[90m# steps.CommonStepDefinitions.the_system_should_tell_me_if_there_was_an_error(java.lang.String)&amp#27;[0m
]]></system-out>
  </testcase>
  <testcase name="Example #1.3" classname="Partial Update Flows (Normal, Alternate, Error)" time="1.085">
    <system-out><![CDATA[
@todo
Scenario Outline: Update an existing todo's doneStatus and/or description                                        &amp#27;[90m# features/todos_management.feature:58&amp#27;[0m
  &amp#27;[32mGiven &amp#27;[0m&amp#27;[32mthe Rest API Todo List Manager is running&amp#27;[0m                                                                &amp#27;[90m# setup.ScenarioHooks.the_rest_api_todo_list_manager_is_running()&amp#27;[0m
  &amp#27;[32mAnd &amp#27;[0m&amp#27;[32mmy list of tasks, projects and categories is cleared to start fresh&amp#27;[0m                                        &amp#27;[90m# setup.ScenarioHooks.the_system_is_initialized_with_an_empty_todo_list()&amp#27;[0m
  &amp#27;[32mGiven &amp#27;[0m&amp#27;[32ma todo item exists with title &amp#27;[0m&amp#27;[32m&amp#27;[1m"POST Target Task"&amp#27;[0m&amp#27;[32m, description &amp#27;[0m&amp#27;[32m&amp#27;[1m"Original Content"&amp#27;[0m&amp#27;[32m, and doneStatus &amp#27;[0m&amp#27;[32m&amp#27;[1m"false"&amp#27;[0m &amp#27;[90m# steps.TodoStepDefinitions.a_todo_exists_with_title_description_and_doneStatus(java.lang.String,java.lang.String,java.lang.String)&amp#27;[0m
  &amp#27;[32mAnd &amp#27;[0m&amp#27;[32mits ID is stored as &amp#27;[0m&amp#27;[32m&amp#27;[1m"target_todo_id"&amp#27;[0m                                                                       &amp#27;[90m# steps.CommonStepDefinitions.its_id_is_stored_as(java.lang.String)&amp#27;[0m
  &amp#27;[32mWhen &amp#27;[0m&amp#27;[32mI send a request to update task &amp#27;[0m&amp#27;[32m&amp#27;[1m"999"&amp#27;[0m&amp#27;[32m with body:&amp#27;[0m                                                          &amp#27;[90m# steps.TodoStepDefinitions.i_send_a_request_to_update_task_with_body(java.lang.String,io.cucumber.datatable.DataTable)&amp#27;[0m
    | description | doneStatus |
    | [empty]     | true       |
  &amp#27;[32mThen &amp#27;[0m&amp#27;[32mthe response status code is &amp#27;[0m&amp#27;[32m&amp#27;[1m"404"&amp#27;[0m                                                                         &amp#27;[90m# steps.CommonStepDefinitions.the_response_status_code_is_string(java.lang.String)&amp#27;[0m
  &amp#27;[32mAnd &amp#27;[0m&amp#27;[32mthe saved task should show field &amp#27;[0m&amp#27;[32m&amp#27;[1m"title"&amp#27;[0m&amp#27;[32m with value &amp#27;[0m&amp#27;[32m&amp#27;[1m""&amp#27;[0m                                                     &amp#27;[90m# steps.TodoStepDefinitions.the_saved_task_should_show_field_with_value(java.lang.String,java.lang.String)&amp#27;[0m
  &amp#27;[32mAnd &amp#27;[0m&amp#27;[32mthe saved task should show field &amp#27;[0m&amp#27;[32m&amp#27;[1m"description"&amp#27;[0m&amp#27;[32m with value &amp#27;[0m&amp#27;[32m&amp#27;[1m""&amp#27;[0m                                               &amp#27;[90m# steps.TodoStepDefinitions.the_saved_task_should_show_field_with_value(java.lang.String,java.lang.String)&amp#27;[0m
  &amp#27;[32mAnd &amp#27;[0m&amp#27;[32mthe saved task should show field &amp#27;[0m&amp#27;[32m&amp#27;[1m"doneStatus"&amp#27;[0m&amp#27;[32m with value &amp#27;[0m&amp#27;[32m&amp#27;[1m""&amp#27;[0m                                                &amp#27;[90m# steps.TodoStepDefinitions.the_saved_task_should_show_field_with_value(java.lang.String,java.lang.String)&amp#27;[0m
  &amp#27;[32mAnd &amp#27;[0m&amp#27;[32mthe system should tell me if there was an error: &amp#27;[0m&amp#27;[32m&amp#27;[1m"No such todo entity instance with GUID or ID null found"&amp#27;[0m &amp#27;[90m# steps.CommonStepDefinitions.the_system_should_tell_me_if_there_was_an_error(java.lang.String)&amp#27;[0m
]]></system-out>
  </testcase>
  <testcase name="Example #1.1" classname="Retrieval and Filtering Flows (Normal, Alternate, Error)" time="1.081">
    <system-out><![CDATA[
@todo
Scenario Outline: Retrieve and filter Todos by done status                                                               &amp#27;[90m# features/todos_management.feature:79&amp#27;[0m
  &amp#27;[32mGiven &amp#27;[0m&amp#27;[32mthe Rest API Todo List Manager is running&amp#27;[0m                                                                        &amp#27;[90m# setup.ScenarioHooks.the_rest_api_todo_list_manager_is_running()&amp#27;[0m
  &amp#27;[32mAnd &amp#27;[0m&amp#27;[32mmy list of tasks, projects and categories is cleared to start fresh&amp#27;[0m                                                &amp#27;[90m# setup.ScenarioHooks.the_system_is_initialized_with_an_empty_todo_list()&amp#27;[0m
  &amp#27;[32mGiven &amp#27;[0m&amp#27;[32ma todo item exists with title &amp#27;[0m&amp#27;[32m&amp#27;[1m"Completed Filter Test 1"&amp#27;[0m&amp#27;[32m, description &amp#27;[0m&amp#27;[32m&amp#27;[1m"This is done"&amp#27;[0m&amp#27;[32m, and doneStatus &amp#27;[0m&amp#27;[32m&amp#27;[1m"true"&amp#27;[0m       &amp#27;[90m# steps.TodoStepDefinitions.a_todo_exists_with_title_description_and_doneStatus(java.lang.String,java.lang.String,java.lang.String)&amp#27;[0m
  &amp#27;[32mAnd &amp#27;[0m&amp#27;[32ma todo item exists with title &amp#27;[0m&amp#27;[32m&amp#27;[1m"Completed Filter Test 2"&amp#27;[0m&amp#27;[32m, description &amp#27;[0m&amp#27;[32m&amp#27;[1m"This is also done"&amp#27;[0m&amp#27;[32m, and doneStatus &amp#27;[0m&amp#27;[32m&amp#27;[1m"true"&amp#27;[0m    &amp#27;[90m# steps.TodoStepDefinitions.a_todo_exists_with_title_description_and_doneStatus(java.lang.String,java.lang.String,java.lang.String)&amp#27;[0m
  &amp#27;[32mAnd &amp#27;[0m&amp#27;[32ma todo item exists with title &amp#27;[0m&amp#27;[32m&amp#27;[1m"Pending Filter Test 1"&amp#27;[0m&amp#27;[32m, description &amp#27;[0m&amp#27;[32m&amp#27;[1m"This is not done"&amp#27;[0m&amp#27;[32m, and doneStatus &amp#27;[0m&amp#27;[32m&amp#27;[1m"false"&amp#27;[0m      &amp#27;[90m# steps.TodoStepDefinitions.a_todo_exists_with_title_description_and_doneStatus(java.lang.String,java.lang.String,java.lang.String)&amp#27;[0m
  &amp#27;[32mAnd &amp#27;[0m&amp#27;[32ma todo item exists with title &amp#27;[0m&amp#27;[32m&amp#27;[1m"Pending Filter Test 2"&amp#27;[0m&amp#27;[32m, description &amp#27;[0m&amp#27;[32m&amp#27;[1m"This is also not done"&amp#27;[0m&amp#27;[32m, and doneStatus &amp#27;[0m&amp#27;[32m&amp#27;[1m"false"&amp#27;[0m &amp#27;[90m# steps.TodoStepDefinitions.a_todo_exists_with_title_description_and_doneStatus(java.lang.String,java.lang.String,java.lang.String)&amp#27;[0m
  &amp#27;[32mWhen &amp#27;[0m&amp#27;[32mI send a request to view tasks filtered by the query &amp#27;[0m&amp#27;[32m&amp#27;[1m"?doneStatus=false"&amp#27;[0m&amp#27;[32m and requested format &amp#27;[0m&amp#27;[32m&amp#27;[1m"application/json"&amp#27;[0m  &amp#27;[90m# steps.TodoStepDefinitions.i_send_a_request_to_view_tasks_filtered_by_the_query_and_requested_format(java.lang.String,java.lang.String)&amp#27;[0m
  &amp#27;[32mThen &amp#27;[0m&amp#27;[32mthe response status code is &amp#27;[0m&amp#27;[32m&amp#27;[1m"200"&amp#27;[0m                                                                                 &amp#27;[90m# steps.CommonStepDefinitions.the_response_status_code_is_string(java.lang.String)&amp#27;[0m
  &amp#27;[32mAnd &amp#27;[0m&amp#27;[32mthe task list format should be &amp#27;[0m&amp#27;[32m&amp#27;[1m"application/json"&amp#27;[0m                                                                  &amp#27;[90m# steps.TodoStepDefinitions.the_task_list_format_should_be(java.lang.String)&amp#27;[0m
Retrieved 2 todos from response for filtering check.
  &amp#27;[32mAnd &amp#27;[0m&amp#27;[32mthe list should contain &amp#27;[0m&amp#27;[32m&amp#27;[1m2&amp#27;[0m&amp#27;[32m tasks with completion status &amp#27;[0m&amp#27;[32m&amp#27;[1m"false"&amp#27;[0m                                                     &amp#27;[90m# steps.TodoStepDefinitions.the_list_should_contain_tasks_with_completion_status(int,java.lang.String)&amp#27;[0m
  &amp#27;[32mAnd &amp#27;[0m&amp#27;[32mthe system should tell me if there was an error: &amp#27;[0m&amp#27;[32m&amp#27;[1m""&amp#27;[0m                                                                &amp#27;[90m# steps.CommonStepDefinitions.the_system_should_tell_me_if_there_was_an_error(java.lang.String)&amp#27;[0m
]]></system-out>
  </testcase>
  <testcase name="Example #1.2" classname="Retrieval and Filtering Flows (Normal, Alternate, Error)" time="1.128">
    <system-out><![CDATA[
@todo
Scenario Outline: Retrieve and filter Todos by done status                                                               &amp#27;[90m# features/todos_management.feature:81&amp#27;[0m
  &amp#27;[32mGiven &amp#27;[0m&amp#27;[32mthe Rest API Todo List Manager is running&amp#27;[0m                                                                        &amp#27;[90m# setup.ScenarioHooks.the_rest_api_todo_list_manager_is_running()&amp#27;[0m
  &amp#27;[32mAnd &amp#27;[0m&amp#27;[32mmy list of tasks, projects and categories is cleared to start fresh&amp#27;[0m                                                &amp#27;[90m# setup.ScenarioHooks.the_system_is_initialized_with_an_empty_todo_list()&amp#27;[0m
  &amp#27;[32mGiven &amp#27;[0m&amp#27;[32ma todo item exists with title &amp#27;[0m&amp#27;[32m&amp#27;[1m"Completed Filter Test 1"&amp#27;[0m&amp#27;[32m, description &amp#27;[0m&amp#27;[32m&amp#27;[1m"This is done"&amp#27;[0m&amp#27;[32m, and doneStatus &amp#27;[0m&amp#27;[32m&amp#27;[1m"true"&amp#27;[0m       &amp#27;[90m# steps.TodoStepDefinitions.a_todo_exists_with_title_description_and_doneStatus(java.lang.String,java.lang.String,java.lang.String)&amp#27;[0m
  &amp#27;[32mAnd &amp#27;[0m&amp#27;[32ma todo item exists with title &amp#27;[0m&amp#27;[32m&amp#27;[1m"Completed Filter Test 2"&amp#27;[0m&amp#27;[32m, description &amp#27;[0m&amp#27;[32m&amp#27;[1m"This is also done"&amp#27;[0m&amp#27;[32m, and doneStatus &amp#27;[0m&amp#27;[32m&amp#27;[1m"true"&amp#27;[0m    &amp#27;[90m# steps.TodoStepDefinitions.a_todo_exists_with_title_description_and_doneStatus(java.lang.String,java.lang.String,java.lang.String)&amp#27;[0m
  &amp#27;[32mAnd &amp#27;[0m&amp#27;[32ma todo item exists with title &amp#27;[0m&amp#27;[32m&amp#27;[1m"Pending Filter Test 1"&amp#27;[0m&amp#27;[32m, description &amp#27;[0m&amp#27;[32m&amp#27;[1m"This is not done"&amp#27;[0m&amp#27;[32m, and doneStatus &amp#27;[0m&amp#27;[32m&amp#27;[1m"false"&amp#27;[0m      &amp#27;[90m# steps.TodoStepDefinitions.a_todo_exists_with_title_description_and_doneStatus(java.lang.String,java.lang.String,java.lang.String)&amp#27;[0m
  &amp#27;[32mAnd &amp#27;[0m&amp#27;[32ma todo item exists with title &amp#27;[0m&amp#27;[32m&amp#27;[1m"Pending Filter Test 2"&amp#27;[0m&amp#27;[32m, description &amp#27;[0m&amp#27;[32m&amp#27;[1m"This is also not done"&amp#27;[0m&amp#27;[32m, and doneStatus &amp#27;[0m&amp#27;[32m&amp#27;[1m"false"&amp#27;[0m &amp#27;[90m# steps.TodoStepDefinitions.a_todo_exists_with_title_description_and_doneStatus(java.lang.String,java.lang.String,java.lang.String)&amp#27;[0m
  &amp#27;[32mWhen &amp#27;[0m&amp#27;[32mI send a request to view tasks filtered by the query &amp#27;[0m&amp#27;[32m&amp#27;[1m"?doneStatus=false"&amp#27;[0m&amp#27;[32m and requested format &amp#27;[0m&amp#27;[32m&amp#27;[1m"application/xml"&amp#27;[0m   &amp#27;[90m# steps.TodoStepDefinitions.i_send_a_request_to_view_tasks_filtered_by_the_query_and_requested_format(java.lang.String,java.lang.String)&amp#27;[0m
  &amp#27;[32mThen &amp#27;[0m&amp#27;[32mthe response status code is &amp#27;[0m&amp#27;[32m&amp#27;[1m"200"&amp#27;[0m                                                                                 &amp#27;[90m# steps.CommonStepDefinitions.the_response_status_code_is_string(java.lang.String)&amp#27;[0m
  &amp#27;[32mAnd &amp#27;[0m&amp#27;[32mthe task list format should be &amp#27;[0m&amp#27;[32m&amp#27;[1m"application/xml"&amp#27;[0m                                                                   &amp#27;[90m# steps.TodoStepDefinitions.the_task_list_format_should_be(java.lang.String)&amp#27;[0m
Retrieved 2 todos from response for filtering check.
  &amp#27;[32mAnd &amp#27;[0m&amp#27;[32mthe list should contain &amp#27;[0m&amp#27;[32m&amp#27;[1m2&amp#27;[0m&amp#27;[32m tasks with completion status &amp#27;[0m&amp#27;[32m&amp#27;[1m"false"&amp#27;[0m                                                     &amp#27;[90m# steps.TodoStepDefinitions.the_list_should_contain_tasks_with_completion_status(int,java.lang.String)&amp#27;[0m
  &amp#27;[32mAnd &amp#27;[0m&amp#27;[32mthe system should tell me if there was an error: &amp#27;[0m&amp#27;[32m&amp#27;[1m""&amp#27;[0m                                                                &amp#27;[90m# steps.CommonStepDefinitions.the_system_should_tell_me_if_there_was_an_error(java.lang.String)&amp#27;[0m
]]></system-out>
  </testcase>
  <testcase name="Example #1.3" classname="Retrieval and Filtering Flows (Normal, Alternate, Error)" time="1.08">
    <failure message="Expected status code 400 but got 200. Response body: {&quot;todos&quot;:[]} ==&gt; expected: &lt;400&gt; but was: &lt;200&gt;" type="org.opentest4j.AssertionFailedError"><![CDATA[org.opentest4j.AssertionFailedError: Expected status code 400 but got 200. Response body: {"todos":[]} ==> expected: <400> but was: <200>
	at steps.CommonStepDefinitions.the_response_status_code_is_string(CommonStepDefinitions.java:40)
	at ✽.the response status code is "400"(classpath:features/todos_management.feature:71)
]]></failure>
    <system-out><![CDATA[
@todo
Scenario Outline: Retrieve and filter Todos by done status                                                               &amp#27;[90m# features/todos_management.feature:83&amp#27;[0m
  &amp#27;[32mGiven &amp#27;[0m&amp#27;[32mthe Rest API Todo List Manager is running&amp#27;[0m                                                                        &amp#27;[90m# setup.ScenarioHooks.the_rest_api_todo_list_manager_is_running()&amp#27;[0m
  &amp#27;[32mAnd &amp#27;[0m&amp#27;[32mmy list of tasks, projects and categories is cleared to start fresh&amp#27;[0m                                                &amp#27;[90m# setup.ScenarioHooks.the_system_is_initialized_with_an_empty_todo_list()&amp#27;[0m
  &amp#27;[32mGiven &amp#27;[0m&amp#27;[32ma todo item exists with title &amp#27;[0m&amp#27;[32m&amp#27;[1m"Completed Filter Test 1"&amp#27;[0m&amp#27;[32m, description &amp#27;[0m&amp#27;[32m&amp#27;[1m"This is done"&amp#27;[0m&amp#27;[32m, and doneStatus &amp#27;[0m&amp#27;[32m&amp#27;[1m"true"&amp#27;[0m       &amp#27;[90m# steps.TodoStepDefinitions.a_todo_exists_with_title_description_and_doneStatus(java.lang.String,java.lang.String,java.lang.String)&amp#27;[0m
  &amp#27;[32mAnd &amp#27;[0m&amp#27;[32ma todo item exists with title &amp#27;[0m&amp#27;[32m&amp#27;[1m"Completed Filter Test 2"&amp#27;[0m&amp#27;[32m, description &amp#27;[0m&amp#27;[32m&amp#27;[1m"This is also done"&amp#27;[0m&amp#27;[32m, and doneStatus &amp#27;[0m&amp#27;[32m&amp#27;[1m"true"&amp#27;[0m    &amp#27;[90m# steps.TodoStepDefinitions.a_todo_exists_with_title_description_and_doneStatus(java.lang.String,java.lang.String,java.lang.String)&amp#27;[0m
  &amp#27;[32mAnd &amp#27;[0m&amp#27;[32ma todo item exists with title &amp#27;[0m&amp#27;[32m&amp#27;[1m"Pending Filter Test 1"&amp#27;[0m&amp#27;[32m, description &amp#27;[0m&amp#27;[32m&amp#27;[1m"This is not done"&amp#27;[0m&amp#27;[32m, and doneStatus &amp#27;[0m&amp#27;[32m&amp#27;[1m"false"&amp#27;[0m      &amp#27;[90m# steps.TodoStepDefinitions.a_todo_exists_with_title_description_and_doneStatus(java.lang.String,java.lang.String,java.lang.String)&amp#27;[0m
  &amp#27;[32mAnd &amp#27;[0m&amp#27;[32ma todo item exists with title &amp#27;[0m&amp#27;[32m&amp#27;[1m"Pending Filter Test 2"&amp#27;[0m&amp#27;[32m, description &amp#27;[0m&amp#27;[32m&amp#27;[1m"This is also not done"&amp#27;[0m&amp#27;[32m, and doneStatus &amp#27;[0m&amp#27;[32m&amp#27;[1m"false"&amp#27;[0m &amp#27;[90m# steps.TodoStepDefinitions.a_todo_exists_with_title_description_and_doneStatus(java.lang.String,java.lang.String,java.lang.String)&amp#27;[0m
  &amp#27;[32mWhen &amp#27;[0m&amp#27;[32mI send a request to view tasks filtered by the query &amp#27;[0m&amp#27;[32m&amp#27;[1m"?doneStatus=maybe"&amp#27;[0m&amp#27;[32m and requested format &amp#27;[0m&amp#27;[32m&amp#27;[1m"application/json"&amp#27;[0m  &amp#27;[90m# steps.TodoStepDefinitions.i_send_a_request_to_view_tasks_filtered_by_the_query_and_requested_format(java.lang.String,java.lang.String)&amp#27;[0m
  &amp#27;[31mThen &amp#27;[0m&amp#27;[31mthe response status code is &amp#27;[0m&amp#27;[31m&amp#27;[1m"400"&amp#27;[0m                                                                                 &amp#27;[90m# steps.CommonStepDefinitions.the_response_status_code_is_string(java.lang.String)&amp#27;[0m
      &amp#27;[31morg.opentest4j.AssertionFailedError: Expected status code 400 but got 200. Response body: {"todos":[]} ==> expected: <400> but was: <200>
	at org.junit.jupiter.api.AssertionFailureBuilder.build(AssertionFailureBuilder.java:151)
	at org.junit.jupiter.api.AssertionFailureBuilder.buildAndThrow(AssertionFailureBuilder.java:132)
	at org.junit.jupiter.api.AssertEquals.failNotEqual(AssertEquals.java:197)
	at org.junit.jupiter.api.AssertEquals.assertEquals(AssertEquals.java:150)
	at org.junit.jupiter.api.Assertions.assertEquals(Assertions.java:563)
	at steps.CommonStepDefinitions.the_response_status_code_is_string(CommonStepDefinitions.java:40)
	at ✽.the response status code is "400"(classpath:features/todos_management.feature:71)
&amp#27;[0m
  &amp#27;[36mAnd &amp#27;[0m&amp#27;[36mthe task list format should be &amp#27;[0m&amp#27;[36m&amp#27;[1m"application/json"&amp#27;[0m                                                                  &amp#27;[90m# steps.TodoStepDefinitions.the_task_list_format_should_be(java.lang.String)&amp#27;[0m
  &amp#27;[36mAnd &amp#27;[0m&amp#27;[36mthe list should contain &amp#27;[0m&amp#27;[36m&amp#27;[1m0&amp#27;[0m&amp#27;[36m tasks with completion status &amp#27;[0m&amp#27;[36m&amp#27;[1m""&amp#27;[0m                                                          &amp#27;[90m# steps.TodoStepDefinitions.the_list_should_contain_tasks_with_completion_status(int,java.lang.String)&amp#27;[0m
  &amp#27;[36mAnd &amp#27;[0m&amp#27;[36mthe system should tell me if there was an error: &amp#27;[0m&amp#27;[36m&amp#27;[1m"Invalid doneStatus value"&amp#27;[0m                                        &amp#27;[90m# steps.CommonStepDefinitions.the_system_should_tell_me_if_there_was_an_error(java.lang.String)&amp#27;[0m
]]></system-out>
  </testcase>
  <testcase name="Example #1.1" classname="Deletion Flows (Normal, Alternate, Error)" time="1.047">
    <system-out><![CDATA[
@todo
Scenario Outline: Delete a todo item                                                                              &amp#27;[90m# features/todos_management.feature:102&amp#27;[0m
  &amp#27;[32mGiven &amp#27;[0m&amp#27;[32mthe Rest API Todo List Manager is running&amp#27;[0m                                                                 &amp#27;[90m# setup.ScenarioHooks.the_rest_api_todo_list_manager_is_running()&amp#27;[0m
  &amp#27;[32mAnd &amp#27;[0m&amp#27;[32mmy list of tasks, projects and categories is cleared to start fresh&amp#27;[0m                                         &amp#27;[90m# setup.ScenarioHooks.the_system_is_initialized_with_an_empty_todo_list()&amp#27;[0m
  &amp#27;[32mGiven &amp#27;[0m&amp#27;[32ma todo item exists with title &amp#27;[0m&amp#27;[32m&amp#27;[1m"Deletion Target"&amp#27;[0m&amp#27;[32m, description &amp#27;[0m&amp#27;[32m&amp#27;[1m"Task to be deleted"&amp#27;[0m&amp#27;[32m, and doneStatus &amp#27;[0m&amp#27;[32m&amp#27;[1m"false"&amp#27;[0m &amp#27;[90m# steps.TodoStepDefinitions.a_todo_exists_with_title_description_and_doneStatus(java.lang.String,java.lang.String,java.lang.String)&amp#27;[0m
  &amp#27;[32mAnd &amp#27;[0m&amp#27;[32mits ID is stored as &amp#27;[0m&amp#27;[32m&amp#27;[1m"delete_todo_id"&amp#27;[0m                                                                        &amp#27;[90m# steps.CommonStepDefinitions.its_id_is_stored_as(java.lang.String)&amp#27;[0m
  &amp#27;[32mWhen &amp#27;[0m&amp#27;[32mI send a request to delete task &amp#27;[0m&amp#27;[32m&amp#27;[1m"delete_todo_id"&amp#27;[0m&amp#27;[32m with requested format &amp#27;[0m&amp#27;[32m&amp#27;[1m"application/json"&amp#27;[0m                  &amp#27;[90m# steps.TodoStepDefinitions.i_send_a_request_to_delete_task_with_requested_format(java.lang.String,java.lang.String)&amp#27;[0m
  &amp#27;[32mThen &amp#27;[0m&amp#27;[32mthe response status code is &amp#27;[0m&amp#27;[32m&amp#27;[1m"200"&amp#27;[0m                                                                          &amp#27;[90m# steps.CommonStepDefinitions.the_response_status_code_is_string(java.lang.String)&amp#27;[0m
  &amp#27;[32mAnd &amp#27;[0m&amp#27;[32mthe system should tell me if there was an error: &amp#27;[0m&amp#27;[32m&amp#27;[1m""&amp#27;[0m                                                         &amp#27;[90m# steps.CommonStepDefinitions.the_system_should_tell_me_if_there_was_an_error(java.lang.String)&amp#27;[0m
  &amp#27;[32mAnd &amp#27;[0m&amp#27;[32mthe task with ID &amp#27;[0m&amp#27;[32m&amp#27;[1m"delete_todo_id"&amp#27;[0m&amp#27;[32m should yield a &amp#27;[0m&amp#27;[32m&amp#27;[1m"404"&amp#27;[0m&amp#27;[32m on a quick check&amp#27;[0m                                     &amp#27;[90m# steps.TodoStepDefinitions.the_task_with_id_should_yield_a_on_a_quick_check(java.lang.String,java.lang.String)&amp#27;[0m
]]></system-out>
  </testcase>
  <testcase name="Example #1.1" classname="Deletion Flows (Normal, Alternate, Error)" time="1.056">
    <system-out><![CDATA[
@categories @category_delete
Scenario Outline: Delete a category                                                                       &amp#27;[90m# features/categories_management.feature:96&amp#27;[0m
  &amp#27;[32mGiven &amp#27;[0m&amp#27;[32mthe system is running&amp#27;[0m                                                                             &amp#27;[90m# steps.InteroperabilityStepDefinitions.theSystemIsRunning()&amp#27;[0m
  &amp#27;[32mAnd &amp#27;[0m&amp#27;[32mmy list of categories is cleared to start fresh&amp#27;[0m                                                     &amp#27;[90m# steps.CategoryStepDefinitions.my_list_of_categories_is_cleared_to_start_fresh()&amp#27;[0m
  &amp#27;[32mGiven &amp#27;[0m&amp#27;[32ma category exists with title &amp#27;[0m&amp#27;[32m&amp#27;[1m"Delete Target"&amp#27;[0m&amp#27;[32m and description &amp#27;[0m&amp#27;[32m&amp#27;[1m"Temporary Category"&amp#27;[0m                 &amp#27;[90m# steps.CategoryStepDefinitions.a_category_exists_with_title_and_description(java.lang.String,java.lang.String)&amp#27;[0m
  &amp#27;[32mAnd &amp#27;[0m&amp#27;[32mits ID is stored as &amp#27;[0m&amp#27;[32m&amp#27;[1m"delete_category_id"&amp#27;[0m                                                            &amp#27;[90m# steps.CommonStepDefinitions.its_id_is_stored_as(java.lang.String)&amp#27;[0m
  &amp#27;[32mWhen &amp#27;[0m&amp#27;[32mI send a request to delete category &amp#27;[0m&amp#27;[32m&amp#27;[1m"delete_category_id"&amp#27;[0m                                           &amp#27;[90m# steps.CategoryStepDefinitions.i_send_a_request_to_delete_category(java.lang.String)&amp#27;[0m
  &amp#27;[32mThen &amp#27;[0m&amp#27;[32mthe response status code is &amp#27;[0m&amp#27;[32m&amp#27;[1m"200"&amp#27;[0m                                                                  &amp#27;[90m# steps.CommonStepDefinitions.the_response_status_code_is_string(java.lang.String)&amp#27;[0m
  &amp#27;[32mAnd &amp#27;[0m&amp#27;[32mthe system should tell me if there was an error: &amp#27;[0m&amp#27;[32m&amp#27;[1m""&amp#27;[0m                                                 &amp#27;[90m# steps.CommonStepDefinitions.the_system_should_tell_me_if_there_was_an_error(java.lang.String)&amp#27;[0m
  &amp#27;[32mAnd &amp#27;[0m&amp#27;[32mwhen I verify deletion by requesting GET /categories/delete_category_id, the response should be &amp#27;[0m&amp#27;[32m&amp#27;[1m404&amp#27;[0m &amp#27;[90m# steps.CategoryStepDefinitions.when_i_verify_deletion_by_requesting_get_categories_delete_category_id_the_response_should_be(java.lang.Integer)&amp#27;[0m
]]></system-out>
  </testcase>
  <testcase name="Example #1.2" classname="Deletion Flows (Normal, Alternate, Error)" time="1.069">
    <system-out><![CDATA[
@todo
Scenario Outline: Delete a todo item                                                                              &amp#27;[90m# features/todos_management.feature:104&amp#27;[0m
  &amp#27;[32mGiven &amp#27;[0m&amp#27;[32mthe Rest API Todo List Manager is running&amp#27;[0m                                                                 &amp#27;[90m# setup.ScenarioHooks.the_rest_api_todo_list_manager_is_running()&amp#27;[0m
  &amp#27;[32mAnd &amp#27;[0m&amp#27;[32mmy list of tasks, projects and categories is cleared to start fresh&amp#27;[0m                                         &amp#27;[90m# setup.ScenarioHooks.the_system_is_initialized_with_an_empty_todo_list()&amp#27;[0m
  &amp#27;[32mGiven &amp#27;[0m&amp#27;[32ma todo item exists with title &amp#27;[0m&amp#27;[32m&amp#27;[1m"Deletion Target"&amp#27;[0m&amp#27;[32m, description &amp#27;[0m&amp#27;[32m&amp#27;[1m"Task to be deleted"&amp#27;[0m&amp#27;[32m, and doneStatus &amp#27;[0m&amp#27;[32m&amp#27;[1m"false"&amp#27;[0m &amp#27;[90m# steps.TodoStepDefinitions.a_todo_exists_with_title_description_and_doneStatus(java.lang.String,java.lang.String,java.lang.String)&amp#27;[0m
  &amp#27;[32mAnd &amp#27;[0m&amp#27;[32mits ID is stored as &amp#27;[0m&amp#27;[32m&amp#27;[1m"delete_todo_id"&amp#27;[0m                                                                        &amp#27;[90m# steps.CommonStepDefinitions.its_id_is_stored_as(java.lang.String)&amp#27;[0m
  &amp#27;[32mWhen &amp#27;[0m&amp#27;[32mI send a request to delete task &amp#27;[0m&amp#27;[32m&amp#27;[1m"delete_todo_id"&amp#27;[0m&amp#27;[32m with requested format &amp#27;[0m&amp#27;[32m&amp#27;[1m"application/xml"&amp#27;[0m                   &amp#27;[90m# steps.TodoStepDefinitions.i_send_a_request_to_delete_task_with_requested_format(java.lang.String,java.lang.String)&amp#27;[0m
  &amp#27;[32mThen &amp#27;[0m&amp#27;[32mthe response status code is &amp#27;[0m&amp#27;[32m&amp#27;[1m"200"&amp#27;[0m                                                                          &amp#27;[90m# steps.CommonStepDefinitions.the_response_status_code_is_string(java.lang.String)&amp#27;[0m
  &amp#27;[32mAnd &amp#27;[0m&amp#27;[32mthe system should tell me if there was an error: &amp#27;[0m&amp#27;[32m&amp#27;[1m""&amp#27;[0m                                                         &amp#27;[90m# steps.CommonStepDefinitions.the_system_should_tell_me_if_there_was_an_error(java.lang.String)&amp#27;[0m
  &amp#27;[32mAnd &amp#27;[0m&amp#27;[32mthe task with ID &amp#27;[0m&amp#27;[32m&amp#27;[1m"delete_todo_id"&amp#27;[0m&amp#27;[32m should yield a &amp#27;[0m&amp#27;[32m&amp#27;[1m"404"&amp#27;[0m&amp#27;[32m on a quick check&amp#27;[0m                                     &amp#27;[90m# steps.TodoStepDefinitions.the_task_with_id_should_yield_a_on_a_quick_check(java.lang.String,java.lang.String)&amp#27;[0m
]]></system-out>
  </testcase>
  <testcase name="Example #1.2" classname="Deletion Flows (Normal, Alternate, Error)" time="1.062">
    <system-out><![CDATA[
@categories @category_delete
Scenario Outline: Delete a category                                                        &amp#27;[90m# features/categories_management.feature:97&amp#27;[0m
  &amp#27;[32mGiven &amp#27;[0m&amp#27;[32mthe system is running&amp#27;[0m                                                              &amp#27;[90m# steps.InteroperabilityStepDefinitions.theSystemIsRunning()&amp#27;[0m
  &amp#27;[32mAnd &amp#27;[0m&amp#27;[32mmy list of categories is cleared to start fresh&amp#27;[0m                                      &amp#27;[90m# steps.CategoryStepDefinitions.my_list_of_categories_is_cleared_to_start_fresh()&amp#27;[0m
  &amp#27;[32mGiven &amp#27;[0m&amp#27;[32ma category exists with title &amp#27;[0m&amp#27;[32m&amp#27;[1m"Delete Target"&amp#27;[0m&amp#27;[32m and description &amp#27;[0m&amp#27;[32m&amp#27;[1m"Temporary Category"&amp#27;[0m  &amp#27;[90m# steps.CategoryStepDefinitions.a_category_exists_with_title_and_description(java.lang.String,java.lang.String)&amp#27;[0m
  &amp#27;[32mAnd &amp#27;[0m&amp#27;[32mits ID is stored as &amp#27;[0m&amp#27;[32m&amp#27;[1m"delete_category_id"&amp#27;[0m                                             &amp#27;[90m# steps.CommonStepDefinitions.its_id_is_stored_as(java.lang.String)&amp#27;[0m
  &amp#27;[32mWhen &amp#27;[0m&amp#27;[32mI send a request to delete category &amp#27;[0m&amp#27;[32m&amp#27;[1m"999"&amp#27;[0m                                           &amp#27;[90m# steps.CategoryStepDefinitions.i_send_a_request_to_delete_category(java.lang.String)&amp#27;[0m
  &amp#27;[32mThen &amp#27;[0m&amp#27;[32mthe response status code is &amp#27;[0m&amp#27;[32m&amp#27;[1m"404"&amp#27;[0m                                                   &amp#27;[90m# steps.CommonStepDefinitions.the_response_status_code_is_string(java.lang.String)&amp#27;[0m
  &amp#27;[32mAnd &amp#27;[0m&amp#27;[32mthe system should tell me if there was an error: &amp#27;[0m&amp#27;[32m&amp#27;[1m"Category not found."&amp#27;[0m               &amp#27;[90m# steps.CommonStepDefinitions.the_system_should_tell_me_if_there_was_an_error(java.lang.String)&amp#27;[0m
  &amp#27;[32mAnd &amp#27;[0m&amp#27;[32mwhen I verify deletion by requesting GET /categories/&amp#27;[0m&amp#27;[32m&amp#27;[1m999&amp#27;[0m&amp#27;[32m, the response should be &amp#27;[0m&amp#27;[32m&amp#27;[1m404&amp#27;[0m &amp#27;[90m# steps.CategoryStepDefinitions.when_i_verify_deletion_by_requesting_get_categories_the_response_should_be_int(java.lang.Integer,java.lang.Integer)&amp#27;[0m
]]></system-out>
  </testcase>
  <testcase name="Example #1.3" classname="Deletion Flows (Normal, Alternate, Error)" time="1.05">
    <system-out><![CDATA[
@todo
Scenario Outline: Delete a todo item                                                                              &amp#27;[90m# features/todos_management.feature:106&amp#27;[0m
  &amp#27;[32mGiven &amp#27;[0m&amp#27;[32mthe Rest API Todo List Manager is running&amp#27;[0m                                                                 &amp#27;[90m# setup.ScenarioHooks.the_rest_api_todo_list_manager_is_running()&amp#27;[0m
  &amp#27;[32mAnd &amp#27;[0m&amp#27;[32mmy list of tasks, projects and categories is cleared to start fresh&amp#27;[0m                                         &amp#27;[90m# setup.ScenarioHooks.the_system_is_initialized_with_an_empty_todo_list()&amp#27;[0m
  &amp#27;[32mGiven &amp#27;[0m&amp#27;[32ma todo item exists with title &amp#27;[0m&amp#27;[32m&amp#27;[1m"Deletion Target"&amp#27;[0m&amp#27;[32m, description &amp#27;[0m&amp#27;[32m&amp#27;[1m"Task to be deleted"&amp#27;[0m&amp#27;[32m, and doneStatus &amp#27;[0m&amp#27;[32m&amp#27;[1m"false"&amp#27;[0m &amp#27;[90m# steps.TodoStepDefinitions.a_todo_exists_with_title_description_and_doneStatus(java.lang.String,java.lang.String,java.lang.String)&amp#27;[0m
  &amp#27;[32mAnd &amp#27;[0m&amp#27;[32mits ID is stored as &amp#27;[0m&amp#27;[32m&amp#27;[1m"delete_todo_id"&amp#27;[0m                                                                        &amp#27;[90m# steps.CommonStepDefinitions.its_id_is_stored_as(java.lang.String)&amp#27;[0m
  &amp#27;[32mWhen &amp#27;[0m&amp#27;[32mI send a request to delete task &amp#27;[0m&amp#27;[32m&amp#27;[1m"999"&amp#27;[0m&amp#27;[32m with requested format &amp#27;[0m&amp#27;[32m&amp#27;[1m"application/json"&amp#27;[0m                             &amp#27;[90m# steps.TodoStepDefinitions.i_send_a_request_to_delete_task_with_requested_format(java.lang.String,java.lang.String)&amp#27;[0m
  &amp#27;[32mThen &amp#27;[0m&amp#27;[32mthe response status code is &amp#27;[0m&amp#27;[32m&amp#27;[1m"404"&amp#27;[0m                                                                          &amp#27;[90m# steps.CommonStepDefinitions.the_response_status_code_is_string(java.lang.String)&amp#27;[0m
  &amp#27;[32mAnd &amp#27;[0m&amp#27;[32mthe system should tell me if there was an error: &amp#27;[0m&amp#27;[32m&amp#27;[1m"Could not find any instances with todos/null"&amp#27;[0m             &amp#27;[90m# steps.CommonStepDefinitions.the_system_should_tell_me_if_there_was_an_error(java.lang.String)&amp#27;[0m
  &amp#27;[32mAnd &amp#27;[0m&amp#27;[32mthe task with ID &amp#27;[0m&amp#27;[32m&amp#27;[1m"999"&amp#27;[0m&amp#27;[32m should yield a &amp#27;[0m&amp#27;[32m&amp#27;[1m"404"&amp#27;[0m&amp#27;[32m on a quick check&amp#27;[0m                                                &amp#27;[90m# steps.TodoStepDefinitions.the_task_with_id_should_yield_a_on_a_quick_check(java.lang.String,java.lang.String)&amp#27;[0m
]]></system-out>
  </testcase>
  <testcase name="Example #1.3" classname="Deletion Flows (Normal, Alternate, Error)" time="1.066">
    <system-out><![CDATA[
@categories @category_delete
Scenario Outline: Delete a category                                                        &amp#27;[90m# features/categories_management.feature:98&amp#27;[0m
  &amp#27;[32mGiven &amp#27;[0m&amp#27;[32mthe system is running&amp#27;[0m                                                              &amp#27;[90m# steps.InteroperabilityStepDefinitions.theSystemIsRunning()&amp#27;[0m
  &amp#27;[32mAnd &amp#27;[0m&amp#27;[32mmy list of categories is cleared to start fresh&amp#27;[0m                                      &amp#27;[90m# steps.CategoryStepDefinitions.my_list_of_categories_is_cleared_to_start_fresh()&amp#27;[0m
  &amp#27;[32mGiven &amp#27;[0m&amp#27;[32ma category exists with title &amp#27;[0m&amp#27;[32m&amp#27;[1m"Delete Target"&amp#27;[0m&amp#27;[32m and description &amp#27;[0m&amp#27;[32m&amp#27;[1m"Temporary Category"&amp#27;[0m  &amp#27;[90m# steps.CategoryStepDefinitions.a_category_exists_with_title_and_description(java.lang.String,java.lang.String)&amp#27;[0m
  &amp#27;[32mAnd &amp#27;[0m&amp#27;[32mits ID is stored as &amp#27;[0m&amp#27;[32m&amp#27;[1m"delete_category_id"&amp#27;[0m                                             &amp#27;[90m# steps.CommonStepDefinitions.its_id_is_stored_as(java.lang.String)&amp#27;[0m
  &amp#27;[32mWhen &amp#27;[0m&amp#27;[32mI send a request to delete category &amp#27;[0m&amp#27;[32m&amp#27;[1m"abc"&amp#27;[0m                                           &amp#27;[90m# steps.CategoryStepDefinitions.i_send_a_request_to_delete_category(java.lang.String)&amp#27;[0m
  &amp#27;[32mThen &amp#27;[0m&amp#27;[32mthe response status code is &amp#27;[0m&amp#27;[32m&amp#27;[1m"404"&amp#27;[0m                                                   &amp#27;[90m# steps.CommonStepDefinitions.the_response_status_code_is_string(java.lang.String)&amp#27;[0m
  &amp#27;[32mAnd &amp#27;[0m&amp#27;[32mthe system should tell me if there was an error: &amp#27;[0m&amp#27;[32m&amp#27;[1m"Invalid ID format."&amp#27;[0m                &amp#27;[90m# steps.CommonStepDefinitions.the_system_should_tell_me_if_there_was_an_error(java.lang.String)&amp#27;[0m
  &amp#27;[32mAnd &amp#27;[0m&amp#27;[32mwhen I verify deletion by requesting GET /categories/abc, the response should be &amp#27;[0m&amp#27;[32m&amp#27;[1m400&amp#27;[0m &amp#27;[90m# steps.CategoryStepDefinitions.when_i_verify_deletion_by_requesting_get_categories_abc_the_response_should_be(java.lang.Integer)&amp#27;[0m
]]></system-out>
  </testcase>
  <testcase name="Example #1.1" classname="Full Replacement Flows (Normal, Alternate, Error)" time="1.056">
    <system-out><![CDATA[
@todo
Scenario Outline: Fully replace a todo item's data                                                              &amp#27;[90m# features/todos_management.feature:128&amp#27;[0m
  &amp#27;[32mGiven &amp#27;[0m&amp#27;[32mthe Rest API Todo List Manager is running&amp#27;[0m                                                               &amp#27;[90m# setup.ScenarioHooks.the_rest_api_todo_list_manager_is_running()&amp#27;[0m
  &amp#27;[32mAnd &amp#27;[0m&amp#27;[32mmy list of tasks, projects and categories is cleared to start fresh&amp#27;[0m                                       &amp#27;[90m# setup.ScenarioHooks.the_system_is_initialized_with_an_empty_todo_list()&amp#27;[0m
  &amp#27;[32mGiven &amp#27;[0m&amp#27;[32ma todo item exists with title &amp#27;[0m&amp#27;[32m&amp#27;[1m"PUT Target Task"&amp#27;[0m&amp#27;[32m, description &amp#27;[0m&amp#27;[32m&amp#27;[1m"Original Content"&amp#27;[0m&amp#27;[32m, and doneStatus &amp#27;[0m&amp#27;[32m&amp#27;[1m"false"&amp#27;[0m &amp#27;[90m# steps.TodoStepDefinitions.a_todo_exists_with_title_description_and_doneStatus(java.lang.String,java.lang.String,java.lang.String)&amp#27;[0m
  &amp#27;[32mAnd &amp#27;[0m&amp#27;[32mits ID is stored as &amp#27;[0m&amp#27;[32m&amp#27;[1m"put_todo_id"&amp#27;[0m                                                                         &amp#27;[90m# steps.CommonStepDefinitions.its_id_is_stored_as(java.lang.String)&amp#27;[0m
  &amp#27;[32mWhen &amp#27;[0m&amp#27;[32mI send a request to fully replace task &amp#27;[0m&amp#27;[32m&amp#27;[1m"put_todo_id"&amp#27;[0m&amp#27;[32m with body:&amp#27;[0m                                          &amp#27;[90m# steps.TodoStepDefinitions.i_send_a_request_to_fully_replace_task_with_body(java.lang.String,io.cucumber.datatable.DataTable)&amp#27;[0m
    | title         | description                  | doneStatus |
    | Replaced Task | This task has been replaced. | true       |
  &amp#27;[32mThen &amp#27;[0m&amp#27;[32mthe response status code is &amp#27;[0m&amp#27;[32m&amp#27;[1m"200"&amp#27;[0m                                                                        &amp#27;[90m# steps.CommonStepDefinitions.the_response_status_code_is_string(java.lang.String)&amp#27;[0m
  &amp#27;[32mAnd &amp#27;[0m&amp#27;[32mthe saved task should show field &amp#27;[0m&amp#27;[32m&amp#27;[1m"title"&amp#27;[0m&amp#27;[32m with value &amp#27;[0m&amp#27;[32m&amp#27;[1m"Replaced Task"&amp#27;[0m                                       &amp#27;[90m# steps.TodoStepDefinitions.the_saved_task_should_show_field_with_value(java.lang.String,java.lang.String)&amp#27;[0m
  &amp#27;[32mAnd &amp#27;[0m&amp#27;[32mthe saved task should show field &amp#27;[0m&amp#27;[32m&amp#27;[1m"description"&amp#27;[0m&amp#27;[32m with value &amp#27;[0m&amp#27;[32m&amp#27;[1m"This task has been replaced."&amp#27;[0m                  &amp#27;[90m# steps.TodoStepDefinitions.the_saved_task_should_show_field_with_value(java.lang.String,java.lang.String)&amp#27;[0m
  &amp#27;[32mAnd &amp#27;[0m&amp#27;[32mthe saved task should show field &amp#27;[0m&amp#27;[32m&amp#27;[1m"doneStatus"&amp#27;[0m&amp#27;[32m with value &amp#27;[0m&amp#27;[32m&amp#27;[1m"true"&amp#27;[0m                                           &amp#27;[90m# steps.TodoStepDefinitions.the_saved_task_should_show_field_with_value(java.lang.String,java.lang.String)&amp#27;[0m
  &amp#27;[32mAnd &amp#27;[0m&amp#27;[32mthe system should tell me if there was an error: &amp#27;[0m&amp#27;[32m&amp#27;[1m""&amp#27;[0m                                                       &amp#27;[90m# steps.CommonStepDefinitions.the_system_should_tell_me_if_there_was_an_error(java.lang.String)&amp#27;[0m
]]></system-out>
  </testcase>
  <testcase name="Example #1.2" classname="Full Replacement Flows (Normal, Alternate, Error)" time="1.057">
    <system-out><![CDATA[
@todo
Scenario Outline: Fully replace a todo item's data                                                              &amp#27;[90m# features/todos_management.feature:131&amp#27;[0m
  &amp#27;[32mGiven &amp#27;[0m&amp#27;[32mthe Rest API Todo List Manager is running&amp#27;[0m                                                               &amp#27;[90m# setup.ScenarioHooks.the_rest_api_todo_list_manager_is_running()&amp#27;[0m
  &amp#27;[32mAnd &amp#27;[0m&amp#27;[32mmy list of tasks, projects and categories is cleared to start fresh&amp#27;[0m                                       &amp#27;[90m# setup.ScenarioHooks.the_system_is_initialized_with_an_empty_todo_list()&amp#27;[0m
  &amp#27;[32mGiven &amp#27;[0m&amp#27;[32ma todo item exists with title &amp#27;[0m&amp#27;[32m&amp#27;[1m"PUT Target Task"&amp#27;[0m&amp#27;[32m, description &amp#27;[0m&amp#27;[32m&amp#27;[1m"Original Content"&amp#27;[0m&amp#27;[32m, and doneStatus &amp#27;[0m&amp#27;[32m&amp#27;[1m"false"&amp#27;[0m &amp#27;[90m# steps.TodoStepDefinitions.a_todo_exists_with_title_description_and_doneStatus(java.lang.String,java.lang.String,java.lang.String)&amp#27;[0m
  &amp#27;[32mAnd &amp#27;[0m&amp#27;[32mits ID is stored as &amp#27;[0m&amp#27;[32m&amp#27;[1m"put_todo_id"&amp#27;[0m                                                                         &amp#27;[90m# steps.CommonStepDefinitions.its_id_is_stored_as(java.lang.String)&amp#27;[0m
  &amp#27;[32mWhen &amp#27;[0m&amp#27;[32mI send a request to fully replace task &amp#27;[0m&amp#27;[32m&amp#27;[1m"put_todo_id"&amp#27;[0m&amp#27;[32m with body:&amp#27;[0m                                          &amp#27;[90m# steps.TodoStepDefinitions.i_send_a_request_to_fully_replace_task_with_body(java.lang.String,io.cucumber.datatable.DataTable)&amp#27;[0m
    | title        | description | doneStatus |
    | Minimal Task | [empty]     | false      |
  &amp#27;[32mThen &amp#27;[0m&amp#27;[32mthe response status code is &amp#27;[0m&amp#27;[32m&amp#27;[1m"200"&amp#27;[0m                                                                        &amp#27;[90m# steps.CommonStepDefinitions.the_response_status_code_is_string(java.lang.String)&amp#27;[0m
  &amp#27;[32mAnd &amp#27;[0m&amp#27;[32mthe saved task should show field &amp#27;[0m&amp#27;[32m&amp#27;[1m"title"&amp#27;[0m&amp#27;[32m with value &amp#27;[0m&amp#27;[32m&amp#27;[1m"Minimal Task"&amp#27;[0m                                        &amp#27;[90m# steps.TodoStepDefinitions.the_saved_task_should_show_field_with_value(java.lang.String,java.lang.String)&amp#27;[0m
  &amp#27;[32mAnd &amp#27;[0m&amp#27;[32mthe saved task should show field &amp#27;[0m&amp#27;[32m&amp#27;[1m"description"&amp#27;[0m&amp#27;[32m with value &amp#27;[0m&amp#27;[32m&amp#27;[1m""&amp#27;[0m                                              &amp#27;[90m# steps.TodoStepDefinitions.the_saved_task_should_show_field_with_value(java.lang.String,java.lang.String)&amp#27;[0m
  &amp#27;[32mAnd &amp#27;[0m&amp#27;[32mthe saved task should show field &amp#27;[0m&amp#27;[32m&amp#27;[1m"doneStatus"&amp#27;[0m&amp#27;[32m with value &amp#27;[0m&amp#27;[32m&amp#27;[1m"false"&amp#27;[0m                                          &amp#27;[90m# steps.TodoStepDefinitions.the_saved_task_should_show_field_with_value(java.lang.String,java.lang.String)&amp#27;[0m
  &amp#27;[32mAnd &amp#27;[0m&amp#27;[32mthe system should tell me if there was an error: &amp#27;[0m&amp#27;[32m&amp#27;[1m""&amp#27;[0m                                                       &amp#27;[90m# steps.CommonStepDefinitions.the_system_should_tell_me_if_there_was_an_error(java.lang.String)&amp#27;[0m
]]></system-out>
  </testcase>
  <testcase name="Example #1.3" classname="Full Replacement Flows (Normal, Alternate, Error)" time="1.049">
    <system-out><![CDATA[
@todo
Scenario Outline: Fully replace a todo item's data                                                              &amp#27;[90m# features/todos_management.feature:133&amp#27;[0m
  &amp#27;[32mGiven &amp#27;[0m&amp#27;[32mthe Rest API Todo List Manager is running&amp#27;[0m                                                               &amp#27;[90m# setup.ScenarioHooks.the_rest_api_todo_list_manager_is_running()&amp#27;[0m
  &amp#27;[32mAnd &amp#27;[0m&amp#27;[32mmy list of tasks, projects and categories is cleared to start fresh&amp#27;[0m                                       &amp#27;[90m# setup.ScenarioHooks.the_system_is_initialized_with_an_empty_todo_list()&amp#27;[0m
  &amp#27;[32mGiven &amp#27;[0m&amp#27;[32ma todo item exists with title &amp#27;[0m&amp#27;[32m&amp#27;[1m"PUT Target Task"&amp#27;[0m&amp#27;[32m, description &amp#27;[0m&amp#27;[32m&amp#27;[1m"Original Content"&amp#27;[0m&amp#27;[32m, and doneStatus &amp#27;[0m&amp#27;[32m&amp#27;[1m"false"&amp#27;[0m &amp#27;[90m# steps.TodoStepDefinitions.a_todo_exists_with_title_description_and_doneStatus(java.lang.String,java.lang.String,java.lang.String)&amp#27;[0m
  &amp#27;[32mAnd &amp#27;[0m&amp#27;[32mits ID is stored as &amp#27;[0m&amp#27;[32m&amp#27;[1m"put_todo_id"&amp#27;[0m                                                                         &amp#27;[90m# steps.CommonStepDefinitions.its_id_is_stored_as(java.lang.String)&amp#27;[0m
  &amp#27;[32mWhen &amp#27;[0m&amp#27;[32mI send a request to fully replace task &amp#27;[0m&amp#27;[32m&amp#27;[1m"put_todo_id"&amp#27;[0m&amp#27;[32m with body:&amp#27;[0m                                          &amp#27;[90m# steps.TodoStepDefinitions.i_send_a_request_to_fully_replace_task_with_body(java.lang.String,io.cucumber.datatable.DataTable)&amp#27;[0m
    | title   | description                   | doneStatus |
    | [empty] | No title in this replacement. | true       |
  &amp#27;[32mThen &amp#27;[0m&amp#27;[32mthe response status code is &amp#27;[0m&amp#27;[32m&amp#27;[1m"400"&amp#27;[0m                                                                        &amp#27;[90m# steps.CommonStepDefinitions.the_response_status_code_is_string(java.lang.String)&amp#27;[0m
  &amp#27;[32mAnd &amp#27;[0m&amp#27;[32mthe saved task should show field &amp#27;[0m&amp#27;[32m&amp#27;[1m"title"&amp#27;[0m&amp#27;[32m with value &amp#27;[0m&amp#27;[32m&amp#27;[1m"PUT Target Task"&amp#27;[0m                                     &amp#27;[90m# steps.TodoStepDefinitions.the_saved_task_should_show_field_with_value(java.lang.String,java.lang.String)&amp#27;[0m
  &amp#27;[32mAnd &amp#27;[0m&amp#27;[32mthe saved task should show field &amp#27;[0m&amp#27;[32m&amp#27;[1m"description"&amp#27;[0m&amp#27;[32m with value &amp#27;[0m&amp#27;[32m&amp#27;[1m"Original Content"&amp#27;[0m                              &amp#27;[90m# steps.TodoStepDefinitions.the_saved_task_should_show_field_with_value(java.lang.String,java.lang.String)&amp#27;[0m
  &amp#27;[32mAnd &amp#27;[0m&amp#27;[32mthe saved task should show field &amp#27;[0m&amp#27;[32m&amp#27;[1m"doneStatus"&amp#27;[0m&amp#27;[32m with value &amp#27;[0m&amp#27;[32m&amp#27;[1m"false"&amp#27;[0m                                          &amp#27;[90m# steps.TodoStepDefinitions.the_saved_task_should_show_field_with_value(java.lang.String,java.lang.String)&amp#27;[0m
[...]
  &amp#27;[32mAnd &amp#27;[0m&amp#27;[32mits ID is stored as &amp#27;[0m&amp#27;[32m&amp#27;[1m"updated_project_id"&amp#27;[0m                                                              &amp#27;[90m# steps.CommonStepDefinitions.its_id_is_stored_as(java.lang.String)&amp#27;[0m
  &amp#27;[32mWhen &amp#27;[0m&amp#27;[32mI send a request to view project &amp#27;[0m&amp#27;[32m&amp#27;[1m"2"&amp#27;[0m                                                                 &amp#27;[90m# steps.ProjectsStepDefinitions.i_send_a_request_to_view_project(java.lang.String)&amp#27;[0m
  &amp#27;[32mThen &amp#27;[0m&amp#27;[32mthe response status code is &amp#27;[0m&amp#27;[32m&amp#27;[1m"200"&amp#27;[0m                                                                    &amp#27;[90m# steps.CommonStepDefinitions.the_response_status_code_is_string(java.lang.String)&amp#27;[0m
  &amp#27;[32mAnd &amp#27;[0m&amp#27;[32mthe project should show field &amp#27;[0m&amp#27;[32m&amp#27;[1m"title"&amp#27;[0m&amp#27;[32m with value &amp#27;[0m&amp#27;[32m&amp#27;[1m"Updated Project"&amp#27;[0m                                    &amp#27;[90m# steps.ProjectsStepDefinitions.the_project_should_show_field_with_value(java.lang.String,java.lang.String)&amp#27;[0m
  &amp#27;[32mAnd &amp#27;[0m&amp#27;[32mthe project should show field &amp#27;[0m&amp#27;[32m&amp#27;[1m"description"&amp#27;[0m&amp#27;[32m with value &amp#27;[0m&amp#27;[32m&amp#27;[1m"Original description"&amp#27;[0m                         &amp#27;[90m# steps.ProjectsStepDefinitions.the_project_should_show_field_with_value(java.lang.String,java.lang.String)&amp#27;[0m
  &amp#27;[32mAnd &amp#27;[0m&amp#27;[32mthe project should show field &amp#27;[0m&amp#27;[32m&amp#27;[1m"active"&amp#27;[0m&amp#27;[32m with value &amp#27;[0m&amp#27;[32m&amp#27;[1m"true"&amp#27;[0m                                              &amp#27;[90m# steps.ProjectsStepDefinitions.the_project_should_show_field_with_value(java.lang.String,java.lang.String)&amp#27;[0m
  &amp#27;[32mAnd &amp#27;[0m&amp#27;[32mthe system should tell me if there was an error: &amp#27;[0m&amp#27;[32m&amp#27;[1m""&amp#27;[0m                                                   &amp#27;[90m# steps.CommonStepDefinitions.the_system_should_tell_me_if_there_was_an_error(java.lang.String)&amp#27;[0m
]]></system-out>
  </testcase>
  <testcase name="Example #1.2" classname="Retrieval Flows (Normal, Alternate, Error)" time="1.045">
    <system-out><![CDATA[
@categories @category_list
Scenario Outline: Retrieve all categories                                  &amp#27;[90m# features/categories_management.feature:63&amp#27;[0m
  &amp#27;[32mGiven &amp#27;[0m&amp#27;[32mthe system is running&amp#27;[0m                                              &amp#27;[90m# steps.InteroperabilityStepDefinitions.theSystemIsRunning()&amp#27;[0m
  &amp#27;[32mAnd &amp#27;[0m&amp#27;[32mmy list of categories is cleared to start fresh&amp#27;[0m                      &amp#27;[90m# steps.CategoryStepDefinitions.my_list_of_categories_is_cleared_to_start_fresh()&amp#27;[0m
  &amp#27;[32mWhen &amp#27;[0m&amp#27;[32mI send a request to view all categories in format &amp#27;[0m&amp#27;[32m&amp#27;[1m"application/xml"&amp#27;[0m &amp#27;[90m# steps.CategoryStepDefinitions.i_send_a_request_to_view_all_categories_in_format(java.lang.String)&amp#27;[0m
  &amp#27;[32mThen &amp#27;[0m&amp#27;[32mthe response status code is &amp#27;[0m&amp#27;[32m&amp#27;[1m"200"&amp#27;[0m                                   &amp#27;[90m# steps.CommonStepDefinitions.the_response_status_code_is_string(java.lang.String)&amp#27;[0m
  &amp#27;[32mAnd &amp#27;[0m&amp#27;[32mthe response format should be &amp#27;[0m&amp#27;[32m&amp#27;[1m"application/xml"&amp#27;[0m                      &amp#27;[90m# steps.CategoryStepDefinitions.the_response_format_should_be(java.lang.String)&amp#27;[0m
  &amp#27;[32mAnd &amp#27;[0m&amp#27;[32mthe list should contain at least &amp#27;[0m&amp#27;[32m&amp#27;[1m1&amp#27;[0m&amp#27;[32m categories&amp#27;[0m                        &amp#27;[90m# steps.CategoryStepDefinitions.the_list_should_contain_at_least_categories(java.lang.Integer)&amp#27;[0m
  &amp#27;[32mAnd &amp#27;[0m&amp#27;[32mthe system should tell me if there was an error: &amp#27;[0m&amp#27;[32m&amp#27;[1m""&amp#27;[0m                  &amp#27;[90m# steps.CommonStepDefinitions.the_system_should_tell_me_if_there_was_an_error(java.lang.String)&amp#27;[0m
]]></system-out>
  </testcase>
  <testcase name="Example #1.3" classname="Retrieval Flows (Normal, Alternate, Error)" time="1.075">
    <system-out><![CDATA[
@projects @project_get_one
Scenario Outline: Retrieve a single project by ID                                                           &amp#27;[90m# features/projects_management.feature:129&amp#27;[0m
  &amp#27;[32mGiven &amp#27;[0m&amp#27;[32mthe Rest API Todo List Manager is running&amp#27;[0m                                                           &amp#27;[90m# setup.ScenarioHooks.the_rest_api_todo_list_manager_is_running()&amp#27;[0m
  &amp#27;[32mAnd &amp#27;[0m&amp#27;[32mmy list of tasks, projects and categories is cleared to start fresh&amp#27;[0m                                   &amp#27;[90m# setup.ScenarioHooks.the_system_is_initialized_with_an_empty_todo_list()&amp#27;[0m
  &amp#27;[32mGiven &amp#27;[0m&amp#27;[32ma project exists with title &amp#27;[0m&amp#27;[32m&amp#27;[1m"Get Me"&amp#27;[0m&amp#27;[32m, description &amp#27;[0m&amp#27;[32m&amp#27;[1m"Project details here"&amp#27;[0m&amp#27;[32m, and active &amp#27;[0m&amp#27;[32m&amp#27;[1m"false"&amp#27;[0m        &amp#27;[90m# steps.ProjectsStepDefinitions.a_project_exists_with_title_description_and_active(java.lang.String,java.lang.String,java.lang.String)&amp#27;[0m
  &amp#27;[32mAnd &amp#27;[0m&amp#27;[32mits ID is stored as &amp#27;[0m&amp#27;[32m&amp#27;[1m"get_project_id"&amp#27;[0m                                                                  &amp#27;[90m# steps.CommonStepDefinitions.its_id_is_stored_as(java.lang.String)&amp#27;[0m
  &amp#27;[32mAnd &amp#27;[0m&amp#27;[32ma project exists with title &amp#27;[0m&amp#27;[32m&amp#27;[1m"Updated Project"&amp#27;[0m&amp#27;[32m, description &amp#27;[0m&amp#27;[32m&amp#27;[1m"Original description"&amp#27;[0m&amp#27;[32m, and active &amp#27;[0m&amp#27;[32m&amp#27;[1m"false"&amp#27;[0m &amp#27;[90m# steps.ProjectsStepDefinitions.a_project_exists_with_title_description_and_active(java.lang.String,java.lang.String,java.lang.String)&amp#27;[0m
  &amp#27;[32mAnd &amp#27;[0m&amp#27;[32mthe project field &amp#27;[0m&amp#27;[32m&amp#27;[1m"active"&amp#27;[0m&amp#27;[32m is updated to &amp#27;[0m&amp#27;[32m&amp#27;[1m"true"&amp#27;[0m                                                       &amp#27;[90m# steps.ProjectsStepDefinitions.the_project_field_is_updated_to(java.lang.String,java.lang.String)&amp#27;[0m
  &amp#27;[32mAnd &amp#27;[0m&amp#27;[32mits ID is stored as &amp#27;[0m&amp#27;[32m&amp#27;[1m"updated_project_id"&amp#27;[0m                                                              &amp#27;[90m# steps.CommonStepDefinitions.its_id_is_stored_as(java.lang.String)&amp#27;[0m
  &amp#27;[32mWhen &amp#27;[0m&amp#27;[32mI send a request to view project &amp#27;[0m&amp#27;[32m&amp#27;[1m"999"&amp#27;[0m                                                               &amp#27;[90m# steps.ProjectsStepDefinitions.i_send_a_request_to_view_project(java.lang.String)&amp#27;[0m
  &amp#27;[32mThen &amp#27;[0m&amp#27;[32mthe response status code is &amp#27;[0m&amp#27;[32m&amp#27;[1m"404"&amp#27;[0m                                                                    &amp#27;[90m# steps.CommonStepDefinitions.the_response_status_code_is_string(java.lang.String)&amp#27;[0m
  &amp#27;[32mAnd &amp#27;[0m&amp#27;[32mthe project should show field &amp#27;[0m&amp#27;[32m&amp#27;[1m"title"&amp#27;[0m&amp#27;[32m with value &amp#27;[0m&amp#27;[32m&amp#27;[1m""&amp#27;[0m                                                   &amp#27;[90m# steps.ProjectsStepDefinitions.the_project_should_show_field_with_value(java.lang.String,java.lang.String)&amp#27;[0m
  &amp#27;[32mAnd &amp#27;[0m&amp#27;[32mthe project should show field &amp#27;[0m&amp#27;[32m&amp#27;[1m"description"&amp#27;[0m&amp#27;[32m with value &amp#27;[0m&amp#27;[32m&amp#27;[1m""&amp#27;[0m                                             &amp#27;[90m# steps.ProjectsStepDefinitions.the_project_should_show_field_with_value(java.lang.String,java.lang.String)&amp#27;[0m
  &amp#27;[32mAnd &amp#27;[0m&amp#27;[32mthe project should show field &amp#27;[0m&amp#27;[32m&amp#27;[1m"active"&amp#27;[0m&amp#27;[32m with value &amp#27;[0m&amp#27;[32m&amp#27;[1m""&amp#27;[0m                                                  &amp#27;[90m# steps.ProjectsStepDefinitions.the_project_should_show_field_with_value(java.lang.String,java.lang.String)&amp#27;[0m
  &amp#27;[32mAnd &amp#27;[0m&amp#27;[32mthe system should tell me if there was an error: &amp#27;[0m&amp#27;[32m&amp#27;[1m"Could not find an instance with projects/999"&amp#27;[0m       &amp#27;[90m# steps.CommonStepDefinitions.the_system_should_tell_me_if_there_was_an_error(java.lang.String)&amp#27;[0m
]]></system-out>
  </testcase>
  <testcase name="Example #1.3" classname="Retrieval Flows (Normal, Alternate, Error)" time="1.054">
    <system-out><![CDATA[
@categories @category_list
Scenario Outline: Retrieve all categories                                                    &amp#27;[90m# features/categories_management.feature:64&amp#27;[0m
  &amp#27;[32mGiven &amp#27;[0m&amp#27;[32mthe system is running&amp#27;[0m                                                                &amp#27;[90m# steps.InteroperabilityStepDefinitions.theSystemIsRunning()&amp#27;[0m
  &amp#27;[32mAnd &amp#27;[0m&amp#27;[32mmy list of categories is cleared to start fresh&amp#27;[0m                                        &amp#27;[90m# steps.CategoryStepDefinitions.my_list_of_categories_is_cleared_to_start_fresh()&amp#27;[0m
  &amp#27;[32mWhen &amp#27;[0m&amp#27;[32mI send a request to view all categories in format &amp#27;[0m&amp#27;[32m&amp#27;[1m"text/plain"&amp#27;[0m                        &amp#27;[90m# steps.CategoryStepDefinitions.i_send_a_request_to_view_all_categories_in_format(java.lang.String)&amp#27;[0m
  &amp#27;[32mThen &amp#27;[0m&amp#27;[32mthe response status code is &amp#27;[0m&amp#27;[32m&amp#27;[1m"406"&amp#27;[0m                                                     &amp#27;[90m# steps.CommonStepDefinitions.the_response_status_code_is_string(java.lang.String)&amp#27;[0m
  &amp#27;[32mAnd &amp#27;[0m&amp#27;[32mthe response format should be &amp#27;[0m&amp#27;[32m&amp#27;[1m""&amp#27;[0m                                                       &amp#27;[90m# steps.CategoryStepDefinitions.the_response_format_should_be(java.lang.String)&amp#27;[0m
  &amp#27;[32mAnd &amp#27;[0m&amp#27;[32mthe list should contain at least &amp#27;[0m&amp#27;[32m&amp#27;[1m0&amp#27;[0m&amp#27;[32m categories&amp#27;[0m                                          &amp#27;[90m# steps.CategoryStepDefinitions.the_list_should_contain_at_least_categories(java.lang.Integer)&amp#27;[0m
  &amp#27;[32mAnd &amp#27;[0m&amp#27;[32mthe system should tell me if there was an error: &amp#27;[0m&amp#27;[32m&amp#27;[1m"Unsupported Accept header provided."&amp#27;[0m &amp#27;[90m# steps.CommonStepDefinitions.the_system_should_tell_me_if_there_was_an_error(java.lang.String)&amp#27;[0m
]]></system-out>
  </testcase>
  <testcase name="Example #1.1" classname="View-One Flows (Normal, Alternate, Error)" time="1.063">
    <system-out><![CDATA[
@categories @category_view_one
Scenario Outline: Retrieve a specific category by ID                                                &amp#27;[90m# features/categories_management.feature:79&amp#27;[0m
  &amp#27;[32mGiven &amp#27;[0m&amp#27;[32mthe system is running&amp#27;[0m                                                                       &amp#27;[90m# steps.InteroperabilityStepDefinitions.theSystemIsRunning()&amp#27;[0m
  &amp#27;[32mAnd &amp#27;[0m&amp#27;[32mmy list of categories is cleared to start fresh&amp#27;[0m                                               &amp#27;[90m# steps.CategoryStepDefinitions.my_list_of_categories_is_cleared_to_start_fresh()&amp#27;[0m
  &amp#27;[32mGiven &amp#27;[0m&amp#27;[32ma category exists with title &amp#27;[0m&amp#27;[32m&amp#27;[1m"Single View Test"&amp#27;[0m&amp#27;[32m and description &amp#27;[0m&amp#27;[32m&amp#27;[1m"Category for testing view"&amp#27;[0m &amp#27;[90m# steps.CategoryStepDefinitions.a_category_exists_with_title_and_description(java.lang.String,java.lang.String)&amp#27;[0m
  &amp#27;[32mAnd &amp#27;[0m&amp#27;[32mits ID is stored as &amp#27;[0m&amp#27;[32m&amp#27;[1m"view_category_id"&amp#27;[0m                                                        &amp#27;[90m# steps.CommonStepDefinitions.its_id_is_stored_as(java.lang.String)&amp#27;[0m
  &amp#27;[32mWhen &amp#27;[0m&amp#27;[32mI send a request to view category &amp#27;[0m&amp#27;[32m&amp#27;[1m"view_category_id"&amp#27;[0m                                         &amp#27;[90m# steps.CategoryStepDefinitions.i_send_a_request_to_view_category(java.lang.String)&amp#27;[0m
  &amp#27;[32mThen &amp#27;[0m&amp#27;[32mthe response status code is &amp#27;[0m&amp#27;[32m&amp#27;[1m"200"&amp#27;[0m                                                            &amp#27;[90m# steps.CommonStepDefinitions.the_response_status_code_is_string(java.lang.String)&amp#27;[0m
  &amp#27;[32mAnd &amp#27;[0m&amp#27;[32mthe category details should contain field &amp#27;[0m&amp#27;[32m&amp#27;[1m"title"&amp#27;[0m&amp#27;[32m with value &amp#27;[0m&amp#27;[32m&amp#27;[1m"Single View Test"&amp#27;[0m               &amp#27;[90m# steps.CategoryStepDefinitions.the_category_details_should_contain_field_with_value(java.lang.String,java.lang.String)&amp#27;[0m
  &amp#27;[32mAnd &amp#27;[0m&amp#27;[32mthe system should tell me if there was an error: &amp#27;[0m&amp#27;[32m&amp#27;[1m""&amp#27;[0m                                           &amp#27;[90m# steps.CommonStepDefinitions.the_system_should_tell_me_if_there_was_an_error(java.lang.String)&amp#27;[0m
]]></system-out>
  </testcase>
  <testcase name="Example #1.2" classname="View-One Flows (Normal, Alternate, Error)" time="1.043">
    <system-out><![CDATA[
@categories @category_view_one
Scenario Outline: Retrieve a specific category by ID                                                &amp#27;[90m# features/categories_management.feature:80&amp#27;[0m
  &amp#27;[32mGiven &amp#27;[0m&amp#27;[32mthe system is running&amp#27;[0m                                                                       &amp#27;[90m# steps.InteroperabilityStepDefinitions.theSystemIsRunning()&amp#27;[0m
  &amp#27;[32mAnd &amp#27;[0m&amp#27;[32mmy list of categories is cleared to start fresh&amp#27;[0m                                               &amp#27;[90m# steps.CategoryStepDefinitions.my_list_of_categories_is_cleared_to_start_fresh()&amp#27;[0m
  &amp#27;[32mGiven &amp#27;[0m&amp#27;[32ma category exists with title &amp#27;[0m&amp#27;[32m&amp#27;[1m"Single View Test"&amp#27;[0m&amp#27;[32m and description &amp#27;[0m&amp#27;[32m&amp#27;[1m"Category for testing view"&amp#27;[0m &amp#27;[90m# steps.CategoryStepDefinitions.a_category_exists_with_title_and_description(java.lang.String,java.lang.String)&amp#27;[0m
  &amp#27;[32mAnd &amp#27;[0m&amp#27;[32mits ID is stored as &amp#27;[0m&amp#27;[32m&amp#27;[1m"view_category_id"&amp#27;[0m                                                        &amp#27;[90m# steps.CommonStepDefinitions.its_id_is_stored_as(java.lang.String)&amp#27;[0m
  &amp#27;[32mWhen &amp#27;[0m&amp#27;[32mI send a request to view category &amp#27;[0m&amp#27;[32m&amp#27;[1m"999"&amp#27;[0m                                                      &amp#27;[90m# steps.CategoryStepDefinitions.i_send_a_request_to_view_category(java.lang.String)&amp#27;[0m
  &amp#27;[32mThen &amp#27;[0m&amp#27;[32mthe response status code is &amp#27;[0m&amp#27;[32m&amp#27;[1m"404"&amp#27;[0m                                                            &amp#27;[90m# steps.CommonStepDefinitions.the_response_status_code_is_string(java.lang.String)&amp#27;[0m
  &amp#27;[32mAnd &amp#27;[0m&amp#27;[32mthe category details should contain field &amp#27;[0m&amp#27;[32m&amp#27;[1m"title"&amp#27;[0m&amp#27;[32m with value &amp#27;[0m&amp#27;[32m&amp#27;[1m""&amp#27;[0m                               &amp#27;[90m# steps.CategoryStepDefinitions.the_category_details_should_contain_field_with_value(java.lang.String,java.lang.String)&amp#27;[0m
  &amp#27;[32mAnd &amp#27;[0m&amp#27;[32mthe system should tell me if there was an error: &amp#27;[0m&amp#27;[32m&amp#27;[1m"Category not found."&amp#27;[0m                        &amp#27;[90m# steps.CommonStepDefinitions.the_system_should_tell_me_if_there_was_an_error(java.lang.String)&amp#27;[0m
]]></system-out>
  </testcase>
  <testcase name="Example #1.3" classname="View-One Flows (Normal, Alternate, Error)" time="1.043">
    <system-out><![CDATA[
@categories @category_view_one
Scenario Outline: Retrieve a specific category by ID                                                &amp#27;[90m# features/categories_management.feature:81&amp#27;[0m
  &amp#27;[32mGiven &amp#27;[0m&amp#27;[32mthe system is running&amp#27;[0m                                                                       &amp#27;[90m# steps.InteroperabilityStepDefinitions.theSystemIsRunning()&amp#27;[0m
  &amp#27;[32mAnd &amp#27;[0m&amp#27;[32mmy list of categories is cleared to start fresh&amp#27;[0m                                               &amp#27;[90m# steps.CategoryStepDefinitions.my_list_of_categories_is_cleared_to_start_fresh()&amp#27;[0m
  &amp#27;[32mGiven &amp#27;[0m&amp#27;[32ma category exists with title &amp#27;[0m&amp#27;[32m&amp#27;[1m"Single View Test"&amp#27;[0m&amp#27;[32m and description &amp#27;[0m&amp#27;[32m&amp#27;[1m"Category for testing view"&amp#27;[0m &amp#27;[90m# steps.CategoryStepDefinitions.a_category_exists_with_title_and_description(java.lang.String,java.lang.String)&amp#27;[0m
  &amp#27;[32mAnd &amp#27;[0m&amp#27;[32mits ID is stored as &amp#27;[0m&amp#27;[32m&amp#27;[1m"view_category_id"&amp#27;[0m                                                        &amp#27;[90m# steps.CommonStepDefinitions.its_id_is_stored_as(java.lang.String)&amp#27;[0m
  &amp#27;[32mWhen &amp#27;[0m&amp#27;[32mI send a request to view category &amp#27;[0m&amp#27;[32m&amp#27;[1m"invalid"&amp#27;[0m                                                  &amp#27;[90m# steps.CategoryStepDefinitions.i_send_a_request_to_view_category(java.lang.String)&amp#27;[0m
  &amp#27;[32mThen &amp#27;[0m&amp#27;[32mthe response status code is &amp#27;[0m&amp#27;[32m&amp#27;[1m"404"&amp#27;[0m                                                            &amp#27;[90m# steps.CommonStepDefinitions.the_response_status_code_is_string(java.lang.String)&amp#27;[0m
  &amp#27;[32mAnd &amp#27;[0m&amp#27;[32mthe category details should contain field &amp#27;[0m&amp#27;[32m&amp#27;[1m"title"&amp#27;[0m&amp#27;[32m with value &amp#27;[0m&amp#27;[32m&amp#27;[1m""&amp#27;[0m                               &amp#27;[90m# steps.CategoryStepDefinitions.the_category_details_should_contain_field_with_value(java.lang.String,java.lang.String)&amp#27;[0m
  &amp#27;[32mAnd &amp#27;[0m&amp#27;[32mthe system should tell me if there was an error: &amp#27;[0m&amp#27;[32m&amp#27;[1m"Invalid ID format."&amp#27;[0m                         &amp#27;[90m# steps.CommonStepDefinitions.the_system_should_tell_me_if_there_was_an_error(java.lang.String)&amp#27;[0m
]]></system-out>
  </testcase>
</testsuite>