<?xml version="1.0" encoding="UTF-8"?>
<testsuite xmlns:xsi="http://www.w3.org/2001/XMLSchema-instance" xsi:noNamespaceSchemaLocation="https://maven.apache.org/surefire/maven-surefire-plugin/xsd/surefire-test-report-3.0.xsd" version="3.0" name="interoperability.ExpectedBehaviourFailingInteropApiTest" time="9.827" tests="10" errors="0" skipped="0" failures="0">
  <properties>
[...]
</properties>
  <testcase name="testCompleteInteroperabilityWorkflowJson" classname="interoperability.ExpectedBehaviourFailingInteropApiTest" time="1.002">
    <system-out><![CDATA[=======================Starting server...
Server is up and running.

Running testCompleteInteroperabilityWorkflowJson...
testCompleteInteroperabilityWorkflowJson passed.

Stopping server...
Server stopped.=======================

]]></system-out>
  </testcase>
  <testcase name="testCreateRelationshipWithInvalidBodyJson" classname="interoperability.ExpectedBehaviourFailingInteropApiTest" time="0.975">
    <system-out><![CDATA[=======================Starting server...
Server is up and running.

Running testCreateRelationshipWithInvalidBodyJson...
testCreateRelationshipWithInvalidBodyJson passed.

Stopping server...
Server stopped.=======================

]]></system-out>
  </testcase>
  <testcase name="testCreateRelationshipWithMalformedJsonJson" classname="interoperability.ExpectedBehaviourFailingInteropApiTest" time="0.969">
    <system-out><![CDATA[=======================Starting server...
Server is up and running.

Running testCreateRelationshipWithMalformedJsonJson...
testCreateRelationshipWithMalformedJsonJson passed.

Stopping server...
Server stopped.=======================

]]></system-out>
  </testcase>
  <testcase name="testCreateRelationshipWithNonexistentCategoryJson" classname="interoperability.ExpectedBehaviourFailingInteropApiTest" time="0.981">
    <system-out><![CDATA[=======================Starting server...
Server is up and running.

Running testCreateRelationshipWithNonexistentCategoryJson...
testCreateRelationshipWithNonexistentCategoryJson passed.

Stopping server...
Server stopped.=======================

]]></system-out>
  </testcase>
  <testcase name="testCreateRelationshipWithNonexistentProjectJson" classname="interoperability.ExpectedBehaviourFailingInteropApiTest" time="0.974">
    <system-out><![CDATA[=======================Starting server...
Server is up and running.

Running testCreateRelationshipWithNonexistentProjectJson...
testCreateRelationshipWithNonexistentProjectJson passed.

Stopping server...
Server stopped.=======================

]]></system-out>
  </testcase>
  <testcase name="testCreateRelationshipWithNonexistentTodoJson" classname="interoperability.ExpectedBehaviourFailingInteropApiTest" time="0.981">
    <system-out><![CDATA[=======================Starting server...
Server is up and running.

Running testCreateRelationshipWithNonexistentTodoJson...
testCreateRelationshipWithNonexistentTodoJson passed.

Stopping server...
Server stopped.=======================

]]></system-out>
  </testcase>
  <testcase name="testDeleteNonexistentRelationshipJson" classname="interoperability.ExpectedBehaviourFailingInteropApiTest" time="0.978">
    <system-out><![CDATA[=======================Starting server...
Server is up and running.

Running testDeleteNonexistentRelationshipJson...
testDeleteNonexistentRelationshipJson passed.

Stopping server...
Server stopped.=======================

]]></system-out>
  </testcase>
  <testcase name="testMalformedJsonReturnsStructuredError" classname="interoperability.ExpectedBehaviourFailingInteropApiTest" time="0.968">
    <system-out><![CDATA[=======================Starting server...
Server is up and running.

Running testMalformedJsonReturnsStructuredError...
testMalformedJsonReturnsStructuredError passed.

Stopping server...
Server stopped.=======================

]]></system-out>
  </testcase>
  <testcase name="testMalformedJsonWithXmlContentType" classname="interoperability.ExpectedBehaviourFailingInteropApiTest" time="1.0">
    <system-out><![CDATA[=======================Starting server...
Server is up and running.

Running testMalformedJsonWithXmlContentType...
testMalformedJsonWithXmlContentType passed.

Stopping server...
Server stopped.=======================

]]></system-out>
  </testcase>
  <testcase name="testMalformedJsonWithXmlContentTypeActualBehavior" classname="interoperability.ExpectedBehaviourFailingInteropApiTest" time="0.993">
    <system-out><![CDATA[=======================Starting server...
Server is up and running.

Running testMalformedJsonWithXmlContentTypeActualBehavior...
testMalformedJsonWithXmlContentTypeActualBehavior passed.

Stopping server...
Server stopped.=======================

]]></system-out>
  </testcase>
</testsuite>