<?xml version="1.0" encoding="UTF-8"?>
<testsuite xmlns:xsi="http://www.w3.org/2001/XMLSchema-instance" xsi:noNamespaceSchemaLocation="https://maven.apache.org/surefire/maven-surefire-plugin/xsd/surefire-test-report-3.0.xsd" version="3.0" name="interoperability.DocumentedInteropApiTest" time="17.096" tests="17" errors="0" skipped="0" failures="0">
  <properties>
[...]
</properties>
  <testcase name="testDeleteCategoryProjectRelationshipJson" classname="interoperability.DocumentedInteropApiTest" time="1.009">
    <system-out><![CDATA[=======================Starting server...
Server is up and running.

Running testDeleteCategoryProjectRelationshipJson...
testDeleteCategoryProjectRelationshipJson passed.

Stopping server...
Server stopped.=======================

]]></system-out>
  </testcase>
  <testcase name="testDeleteProjectTaskRelationshipJson" classname="interoperability.DocumentedInteropApiTest" time="1.006">
    <system-out><![CDATA[=======================Starting server...
Server is up and running.

Running testDeleteProjectTaskRelationshipJson...
testDeleteProjectTaskRelationshipJson passed.

Stopping server...
Server stopped.=======================

]]></system-out>
  </testcase>
  <testcase name="testDeleteTodoCategoryRelationshipJson" classname="interoperability.DocumentedInteropApiTest" time="1.007">
    <system-out><![CDATA[=======================Starting server...
Server is up and running.

Running testDeleteTodoCategoryRelationshipJson...
testDeleteTodoCategoryRelationshipJson passed.

Stopping server...
Server stopped.=======================

]]></system-out>
  </testcase>
  <testcase name="testGetCategoryProjectsJson" classname="interoperability.DocumentedInteropApiTest" time="1.002">
    <system-out><![CDATA[=======================Starting server...
Server is up and running.

Running testGetCategoryProjectsJson...
testGetCategoryProjectsJson passed.

Stopping server...
Server stopped.=======================

]]></system-out>
  </testcase>
  <testcase name="testGetCategoryTodosJson" classname="interoperability.DocumentedInteropApiTest" time="0.987">
    <system-out><![CDATA[=======================Starting server...
Server is up and running.

Running testGetCategoryTodosJson...
testGetCategoryTodosJson passed.

Stopping server...
Server stopped.=======================

]]></system-out>
  </testcase>
  <testcase name="testGetProjectCategoriesJson" classname="interoperability.DocumentedInteropApiTest" time="1.0">
    <system-out><![CDATA[=======================Starting server...
Server is up and running.

Running testGetProjectCategoriesJson...
testGetProjectCategoriesJson passed.

Stopping server...
Server stopped.=======================

]]></system-out>
  </testcase>
  <testcase name="testGetProjectTasksJson" classname="interoperability.DocumentedInteropApiTest" time="0.986">
    <system-out><![CDATA[=======================Starting server...
Server is up and running.

Running testGetProjectTasksJson...
testGetProjectTasksJson passed.

Stopping server...
Server stopped.=======================

]]></system-out>
  </testcase>
  <testcase name="testGetTodoCategoriesJson" classname="interoperability.DocumentedInteropApiTest" time="1.015">
    <system-out><![CDATA[=======================Starting server...
Server is up and running.

Running testGetTodoCategoriesJson...
testGetTodoCategoriesJson passed.

Stopping server...
Server stopped.=======================

]]></system-out>
  </testcase>
  <testcase name="testGetTodoCategoriesXml" classname="interoperability.DocumentedInteropApiTest" time="1.01">
    <system-out><![CDATA[=======================Starting server...
Server is up and running.

Running testGetTodoCategoriesXml...
testGetTodoCategoriesXml passed.

Stopping server...
Server stopped.=======================

]]></system-out>
  </testcase>
  <testcase name="testGetTodoTasksofJson" classname="interoperability.DocumentedInteropApiTest" time="1.007">
    <system-out><![CDATA[=======================Starting server...
Server is up and running.

Running testGetTodoTasksofJson...
testGetTodoTasksofJson passed.

Stopping server...
Server stopped.=======================

]]></system-out>
  </testcase>
  <testcase name="testHeadTodoCategoriesJson" classname="interoperability.DocumentedInteropApiTest" time="1.007">
    <system-out><![CDATA[=======================Starting server...
Server is up and running.

Running testHeadTodoCategoriesJson...
testHeadTodoCategoriesJson passed.

Stopping server...
Server stopped.=======================

]]></system-out>
  </testcase>
  <testcase name="testPostCategoryProjectRelationshipJson" classname="interoperability.DocumentedInteropApiTest" time="0.997">
    <system-out><![CDATA[=======================Starting server...
Server is up and running.

Running testPostCategoryProjectRelationshipJson...
testPostCategoryProjectRelationshipJson passed.

Stopping server...
Server stopped.=======================

]]></system-out>
  </testcase>
  <testcase name="testPostCategoryTodoRelationshipJson" classname="interoperability.DocumentedInteropApiTest" time="1.01">
    <system-out><![CDATA[=======================Starting server...
Server is up and running.

Running testPostCategoryTodoRelationshipJson...
testPostCategoryTodoRelationshipJson passed.

Stopping server...
Server stopped.=======================

]]></system-out>
  </testcase>
  <testcase name="testPostProjectCategoryRelationshipJson" classname="interoperability.DocumentedInteropApiTest" time="1.012">
    <system-out><![CDATA[=======================Starting server...
Server is up and running.

Running testPostProjectCategoryRelationshipJson...
testPostProjectCategoryRelationshipJson passed.

Stopping server...
Server stopped.=======================

]]></system-out>
  </testcase>
  <testcase name="testPostProjectTaskRelationshipJson" classname="interoperability.DocumentedInteropApiTest" time="1.012">
    <system-out><![CDATA[=======================Starting server...
Server is up and running.

Running testPostProjectTaskRelationshipJson...
testPostProjectTaskRelationshipJson passed.

Stopping server...
Server stopped.=======================

]]></system-out>
  </testcase>
  <testcase name="testPostTodoTasksofRelationshipJson" classname="interoperability.DocumentedInteropApiTest" time="1.011">
    <system-out><![CDATA[=======================Starting server...
Server is up and running.

Running testPostTodoTasksofRelationshipJson...
testPostTodoTasksofRelationshipJson passed.

Stopping server...
Server stopped.=======================

]]></system-out>
  </testcase>
  <testcase name="testTodoCategoryToTodoValid" classname="interoperability.DocumentedInteropApiTest" time="1.004">
    <system-out><![CDATA[=======================Starting server...
Server is up and running.

Running testTodoCategoryToTodoValid...

Stopping server...
Server stopped.=======================

]]></system-out>
  </testcase>
</testsuite>