<?xml version="1.0" encoding="UTF-8"?>
<testsuite xmlns:xsi="http://www.w3.org/2001/XMLSchema-instance" xsi:noNamespaceSchemaLocation="https://maven.apache.org/surefire/maven-surefire-plugin/xsd/surefire-test-report-3.0.xsd" version="3.0" name="categories.UndocumentedCategoriesIdApiTest" time="3.985" tests="4" errors="0" skipped="0" failures="0">
  <properties>
[...]
</properties>
  <testcase name="testOptionsCategoriesIdJson" classname="categories.UndocumentedCategoriesIdApiTest" time="0.995">
    <system-out><![CDATA[=======================Starting server...
Server is up and running.

Running testOptionsCategoriesId...
testOptionsCategoriesIdJson passed.

Stopping server...
Server stopped.=======================

]]></system-out>
  </testcase>
  <testcase name="testOptionsCategoriesIdXml" classname="categories.UndocumentedCategoriesIdApiTest" time="0.998">
    <system-out><![CDATA[=======================Starting server...
Server is up and running.

Running testOptionsCategoriesIdXml...
testOptionsCategoriesIdXml passed.

Stopping server...
Server stopped.=======================

]]></system-out>
  </testcase>
  <testcase name="testPatchCategoriesIdJson" classname="categories.UndocumentedCategoriesIdApiTest" time="0.995">
    <system-out><![CDATA[=======================Starting server...
Server is up and running.

Running testPatchCategoriesIdJson...
testPatchCategoriesIdJson passed.

Stopping server...
Server stopped.=======================

]]></system-out>
  </testcase>
  <testcase name="testPatchCategoriesIdXml" classname="categories.UndocumentedCategoriesIdApiTest" time="0.994">
    <system-out><![CDATA[=======================Starting server...
Server is up and running.

Running testPatchCategoriesIdXml...
testPatchCategoriesIdXml passed.

Stopping server...
Server stopped.=======================

]]></system-out>
  </testcase>
</testsuite>