<?xml version="1.0" encoding="UTF-8"?>
<testsuite xmlns:xsi="http://www.w3.org/2001/XMLSchema-instance" xsi:noNamespaceSchemaLocation="https://maven.apache.org/surefire/maven-surefire-plugin/xsd/surefire-test-report-3.0.xsd" version="3.0" name="projects.DocumentedProjectsIdApiTest" time="16.881" tests="17" errors="0" skipped="0" failures="0">
  <properties>
[...]
</properties>
  <testcase name="testDeleteProjectsIdJson" classname="projects.DocumentedProjectsIdApiTest" time="1.002">
    <system-out><![CDATA[=======================Starting server...
Server is up and running.

Running testDeleteProjectsIdJson...
Response code: 200
Response message: OK
Content-Type: application/json
Response body: 
testDeleteProjectsIdJson passed.

Stopping server...
Server stopped.=======================

]]></system-out>
  </testcase>
  <testcase name="testDeleteProjectsIdJsonTwice" classname="projects.DocumentedProjectsIdApiTest" time="1.007">
    <system-out><![CDATA[=======================Starting server...
Server is up and running.

Running testDeleteProjectsIdJsonTwice...
Response code: 404
Response message: Not Found
Content-Type: application/json
Response body: {"errorMessages":["Could not find any instances with projects/1"]}
testDeleteProjectsIdJsonTwice passed.

Stopping server...
Server stopped.=======================

]]></system-out>
  </testcase>
  <testcase name="testDeleteProjectsIdXml" classname="projects.DocumentedProjectsIdApiTest" time="1.025">
    <system-out><![CDATA[=======================Starting server...
Server is up and running.

Running testDeleteProjectsIdXml...
Response body all projects: <projects></projects>
Response code: 200
Response message: OK
Content-Type: application/xml
Response body: 
testDeleteProjectsIdXml passed.

Stopping server...
Server stopped.=======================

]]></system-out>
  </testcase>
  <testcase name="testGetProjectsIdInexistentJson" classname="projects.DocumentedProjectsIdApiTest" time="0.965">
    <system-out><![CDATA[=======================Starting server...
Server is up and running.

Running testGetProjectsIdInexistentJson...
Response code: 404
Response message: Not Found
Content-Type: application/json
Response body: {"errorMessages":["Could not find an instance with projects/inexistent"]}
testGetProjectsIdInexistentJson passed.

Stopping server...
Server stopped.=======================

]]></system-out>
  </testcase>
  <testcase name="testGetProjectsIdInexistentXml" classname="projects.DocumentedProjectsIdApiTest" time="0.987">
    <system-out><![CDATA[=======================Starting server...
Server is up and running.

Running testGetProjectsIdInexistentXml...
Response code: 404
Response message: Not Found
Content-Type: application/xml
Response body: <errorMessages><errorMessage>Could not find an instance with projects/inexistent</errorMessage></errorMessages>
testGetProjectsIdInexistentXml passed.

Stopping server...
Server stopped.=======================

]]></system-out>
  </testcase>
  <testcase name="testGetProjectsIdJson" classname="projects.DocumentedProjectsIdApiTest" time="0.989">
    <system-out><![CDATA[=======================Starting server...
Server is up and running.

Running testGetProjectsIdJson...
testGetProjectsIdJson passed.

Stopping server...
Server stopped.=======================

]]></system-out>
  </testcase>
  <testcase name="testGetProjectsIdXml" classname="projects.DocumentedProjectsIdApiTest" time="0.984">
    <system-out><![CDATA[=======================Starting server...
Server is up and running.

Running testGetProjectsIdXml...
Response code: 200
Response message: OK
Content-Type: application/xml
Response body: <projects><project><active>false</active><description/><id>1</id><completed>false</completed><title>Office Work</title><tasks><id>1</id></tasks><tasks><id>2</id></tasks></project></projects>
testGetProjectsIdXml passed.

Stopping server...
Server stopped.=======================

]]></system-out>
  </testcase>
  <testcase name="testHeadProjectsIdJson" classname="projects.DocumentedProjectsIdApiTest" time="1.005">
    <system-out><![CDATA[=======================Starting server...
Server is up and running.

Running testHeadProjectsIdJson...
Response code: 200
Response message: OK
Content-Type: application/json
Response body: 
testHeadProjectsIdJson passed.

Stopping server...
Server stopped.=======================

]]></system-out>
  </testcase>
  <testcase name="testHeadProjectsIdXml" classname="projects.DocumentedProjectsIdApiTest" time="0.975">
    <system-out><![CDATA[=======================Starting server...
Server is up and running.

Running testHeadProjectsIdXml...
Response code: 200
Response message: OK
Content-Type: application/xml
Response body: 
testHeadProjectsIdXml passed.

Stopping server...
Server stopped.=======================

]]></system-out>
  </testcase>
  <testcase name="testPostNoBodyProjectsIdJson" classname="projects.DocumentedProjectsIdApiTest" time="0.98">
    <system-out><![CDATA[=======================Starting server...
Server is up and running.

Running testPostNoBodyProjectsIdJson...
Response code: 200
Response message: OK
Content-Type: application/json
Response body: {"id":"1","title":"Office Work","completed":"false","active":"false","description":"","tasks":[{"id":"2"},{"id":"1"}]}
testPostNoBodyProjectsIdJson passed.

Stopping server...
Server stopped.=======================

]]></system-out>
  </testcase>
  <testcase name="testPostProjectsIdJson" classname="projects.DocumentedProjectsIdApiTest" time="1.004">
    <system-out><![CDATA[=======================Starting server...
Server is up and running.

Running testPostProjectsIdJson...
Response code: 200
Response message: OK
Content-Type: application/json
Response body: {"id":"1","title":"new project","completed":"false","active":"true","description":"A new project","tasks":[{"id":"1"},{"id":"2"}]}
testPostProjectsIdJson passed.

Stopping server...
Server stopped.=======================

]]></system-out>
  </testcase>
  <testcase name="testPostProjectsIdXml" classname="projects.DocumentedProjectsIdApiTest" time="0.991">
    <system-out><![CDATA[=======================Starting server...
Server is up and running.

Running testPostProjectsIdXml...
Response code: 200
Response message: OK
Content-Type: application/xml
Response body: <project><active>true</active><description>A new project</description><id>1</id><completed>false</completed><title>new project</title><tasks><id>1</id></tasks><tasks><id>2</id></tasks></project>
testPostProjectsIdXml passed.

Stopping server...
Server stopped.=======================

]]></system-out>
  </testcase>
  <testcase name="testPostRandomFieldProjectsIdJson" classname="projects.DocumentedProjectsIdApiTest" time="1.003">
    <system-out><![CDATA[=======================Starting server...
Server is up and running.

Running testPostRandomFieldProjectsIdJson...
Response code: 400
Response message: Bad Request
Content-Type: application/json
Response body: {"errorMessages":["Could not find field: randomField"]}
testPostRandomFieldProjectsIdJson passed.

Stopping server...
Server stopped.=======================

]]></system-out>
  </testcase>
  <testcase name="testPutNoBodyProjectsIdJson" classname="projects.DocumentedProjectsIdApiTest" time="0.974">
    <system-out><![CDATA[=======================Starting server...
Server is up and running.

Running testPutNoBodyProjectsIdJson...
Response code: 200
Response message: OK
Content-Type: application/json
Response body: {"id":"1","title":"","completed":"false","active":"false","description":""}
testPutNoBodyProjectsIdJson passed.

Stopping server...
Server stopped.=======================

]]></system-out>
  </testcase>
  <testcase name="testPutProjectsIdJson" classname="projects.DocumentedProjectsIdApiTest" time="0.986">
    <system-out><![CDATA[=======================Starting server...
Server is up and running.

Running testPutProjectsIdJson...
Response code: 200
Response message: OK
Content-Type: application/xml
Response body: <project><active>true</active><description>A new project</description><id>1</id><completed>false</completed><title>new project</title></project>
testPutProjectsIdJson passed.

Stopping server...
Server stopped.=======================

]]></system-out>
  </testcase>
  <testcase name="testPutProjectsIdXml" classname="projects.DocumentedProjectsIdApiTest" time="1.006">
    <system-out><![CDATA[=======================Starting server...
Server is up and running.

Running testPutProjectsIdXml...
Response code: 200
Response message: OK
Content-Type: application/json
Response body: {"id":"1","title":"new project","completed":"false","active":"true","description":"A new project"}
testPutProjectsIdXml passed.

Stopping server...
Server stopped.=======================

]]></system-out>
  </testcase>
  <testcase name="testPutRandomFieldProjectsIdJson" classname="projects.DocumentedProjectsIdApiTest" time="0.991">
    <system-out><![CDATA[=======================Starting server...
Server is up and running.

Running testPutRandomFieldProjectsIdJson...
Response code: 400
Response message: Bad Request
Content-Type: application/json
Response body: {"errorMessages":["Could not find field: randomField"]}
testPutRandomFieldProjectsIdJson passed.

Stopping server...
Server stopped.=======================

]]></system-out>
  </testcase>
</testsuite>